CREATE TABLE memos (
  id integer,
  user_name text,
  content text[]
);
CREATE USER alice NOLOGIN;
GRANT ALL ON TABLE memos TO alice;
INSERT INTO memos VALUES
  (1, 'nonexistent', ARRAY['PostgreSQL is a RDBMS.',
                           'MySQL is a RDBMS',
                           'MariaDB is a RDBMS']);
INSERT INTO memos VALUES
  (2, 'alice', ARRAY['Groonga is fast full text search engine.',
                     'PGroonga is a PostgreSQL extension that uses Groonga.',
                     'Mroonga is a MySQL storage engine that uses Groonga.']);
ALTER TABLE memos ENABLE ROW LEVEL SECURITY;
CREATE POLICY memos_myself ON memos USING (user_name = current_user);
CREATE INDEX pgrn_index ON memos
 USING pgroonga (content pgroonga_text_array_regexp_ops_v2);
SET enable_seqscan = off;
SET enable_indexscan = off;
SET enable_bitmapscan = on;
SET SESSION AUTHORIZATION alice;
\pset format unaligned
EXPLAIN (COSTS OFF)
SELECT id, content
  FROM memos
 WHERE content &~ 'pgroonga'
\g |sed -r -e "s/\(CURRENT_USER\)::text/CURRENT_USER/g"
QUERY PLAN
Bitmap Heap Scan on memos
  Recheck Cond: (content &~ 'pgroonga'::text)
  Filter: (user_name = CURRENT_USER)
  ->  Bitmap Index Scan on pgrn_index
        Index Cond: (content &~ 'pgroonga'::text)
(5 rows)
\pset format aligned
SELECT id, content
  FROM memos
 WHERE content &~ 'pgroonga';
 id |                                                                           content                                                                           
----+-------------------------------------------------------------------------------------------------------------------------------------------------------------
  2 | {"Groonga is fast full text search engine.","PGroonga is a PostgreSQL extension that uses Groonga.","Mroonga is a MySQL storage engine that uses Groonga."}
(1 row)

RESET SESSION AUTHORIZATION;
DROP TABLE memos;
DROP USER alice;
