CREATE TABLE memos (
  title text,
  content text
);
INSERT INTO memos VALUES ('hyphen', '090-1234-5678');
INSERT INTO memos VALUES ('parenthesis', '(090)1234-5678');
CREATE INDEX pgrn_index ON memos
 USING pgroonga ((ARRAY[title, content])
                 pgroonga_text_array_full_text_search_ops_v2)
  WITH (tokenizer = 'TokenNgram("loose_symbol", true)');
SET enable_seqscan = off;
SET enable_indexscan = off;
SET enable_bitmapscan = on;
EXPLAIN (COSTS OFF)
SELECT content, pgroonga_score(tableoid, ctid)
  FROM memos
 WHERE ARRAY[title, content] &@
       ('090-12345678',
        ARRAY[5, 2],
        'pgrn_index')::pgroonga_full_text_search_condition;
                                                                      QUERY PLAN                                                                       
-------------------------------------------------------------------------------------------------------------------------------------------------------
 Bitmap Heap Scan on memos
   Recheck Cond: (ARRAY[title, content] &@ ROW('090-12345678'::text, '{5,2}'::integer[], 'pgrn_index'::text)::pgroonga_full_text_search_condition)
   ->  Bitmap Index Scan on pgrn_index
         Index Cond: (ARRAY[title, content] &@ ROW('090-12345678'::text, '{5,2}'::integer[], 'pgrn_index'::text)::pgroonga_full_text_search_condition)
(4 rows)

SELECT content, pgroonga_score(tableoid, ctid)
  FROM memos
 WHERE ARRAY[title, content] &@
       ('090-12345678',
        ARRAY[5, 2],
        'pgrn_index')::pgroonga_full_text_search_condition;
    content     | pgroonga_score 
----------------+----------------
 090-1234-5678  |              2
 (090)1234-5678 |              2
(2 rows)

DROP TABLE memos;
