CREATE TABLE ids (
  id real
);
INSERT INTO ids VALUES (1.1);
INSERT INTO ids VALUES (2.1);
INSERT INTO ids VALUES (3.1);
CREATE INDEX grnindex ON ids USING pgroonga (id pgroonga_float4_ops);
SET enable_seqscan = off;
SET enable_indexscan = off;
SET enable_bitmapscan = on;
EXPLAIN (COSTS OFF)
SELECT id
  FROM ids
 WHERE id <= (2.0::real);
              QUERY PLAN               
---------------------------------------
 Bitmap Heap Scan on ids
   Recheck Cond: (id <= '2'::real)
   ->  Bitmap Index Scan on grnindex
         Index Cond: (id <= '2'::real)
(4 rows)

SELECT id
  FROM ids
 WHERE id <= (2.0::real);
 id  
-----
 1.1
(1 row)

DROP TABLE ids;
