CREATE TABLE ids (
  id real
);
INSERT INTO ids VALUES (2.1);
INSERT INTO ids VALUES (7.1);
INSERT INTO ids VALUES (6.1);
INSERT INTO ids VALUES (4.1);
INSERT INTO ids VALUES (5.1);
INSERT INTO ids VALUES (8.1);
INSERT INTO ids VALUES (1.1);
INSERT INTO ids VALUES (10.1);
INSERT INTO ids VALUES (3.1);
INSERT INTO ids VALUES (9.1);
CREATE INDEX grnindex ON ids USING pgroonga (id pgroonga_float4_ops);
SET enable_seqscan = off;
SET enable_indexscan = on;
SET enable_bitmapscan = off;
EXPLAIN (COSTS OFF)
SELECT id
  FROM ids
 WHERE id <= (5.1::real) AND id <= (3.1::real)
 ORDER BY id ASC;
                         QUERY PLAN                          
-------------------------------------------------------------
 Index Scan using grnindex on ids
   Index Cond: ((id <= '5.1'::real) AND (id <= '3.1'::real))
(2 rows)

SELECT id
  FROM ids
 WHERE id <= (5.1::real) AND id <= (3.1::real)
 ORDER BY id ASC;
 id  
-----
 2.1
(1 row)

DROP TABLE ids;
