CREATE TABLE fruits (
  id int,
  items jsonb
);
INSERT INTO fruits VALUES (1, '{"name": "apple"}');
INSERT INTO fruits VALUES (2, '{"type": "apple"}');
INSERT INTO fruits VALUES (3, '{"name": "peach"}');
CREATE INDEX pgroonga_index ON fruits
  USING pgroonga (items pgroonga.jsonb_ops_v2);
SET enable_seqscan = off;
SET enable_indexscan = off;
SET enable_bitmapscan = on;
EXPLAIN (COSTS OFF)
SELECT id, items
  FROM fruits
 WHERE items &@ 'app'
 ORDER BY id;
                    QUERY PLAN                    
--------------------------------------------------
 Sort
   Sort Key: id
   ->  Bitmap Heap Scan on fruits
         Recheck Cond: (items &@ 'app'::text)
         ->  Bitmap Index Scan on pgroonga_index
               Index Cond: (items &@ 'app'::text)
(6 rows)

SELECT id, items
  FROM fruits
 WHERE items &@ 'app'
 ORDER BY id;
 id |       items       
----+-------------------
  1 | {"name": "apple"}
  2 | {"type": "apple"}
(2 rows)

DROP TABLE fruits;
