CREATE TABLE memos (
  content varchar(256)
);
INSERT INTO memos VALUES ('PostgreSQL is a RDBMS');
INSERT INTO memos VALUES ('Groonga is fast full text search engine');
INSERT INTO memos VALUES ('PGroonga is a PostgreSQL extension that uses Groonga');
CREATE INDEX pgrn_content_index ON memos
  USING pgroonga (content pgroonga_varchar_regexp_ops_v2);
SET enable_seqscan = off;
SET enable_indexscan = off;
SET enable_bitmapscan = on;
EXPLAIN (COSTS OFF)
SELECT *
  FROM memos
 WHERE content &~| ARRAY['']::varchar[];
                          QUERY PLAN                           
---------------------------------------------------------------
 Bitmap Heap Scan on memos
   Recheck Cond: (content &~| '{""}'::character varying[])
   ->  Bitmap Index Scan on pgrn_content_index
         Index Cond: (content &~| '{""}'::character varying[])
(4 rows)

SELECT *
  FROM memos
 WHERE content &~| ARRAY['']::varchar[];
 content 
---------
(0 rows)

DROP TABLE memos;
