CREATE TABLE memos (
  id integer,
  title text,
  content text
);
INSERT INTO memos VALUES (1, 'PostgreSQL', 'PostgreSQL is a RDBMS.');
INSERT INTO memos VALUES (2, 'Groonga', 'Groonga is fast full text search engine.');
INSERT INTO memos VALUES (3, 'PGroonga', 'PGroonga is a PostgreSQL extension that uses Groonga.');
CREATE INDEX pgrn_index ON memos
 USING pgroonga ((ARRAY[title, content])
                 pgroonga_text_array_full_text_search_ops_v2);
SET enable_seqscan = off;
SET enable_indexscan = off;
SET enable_bitmapscan = on;
\pset format unaligned
EXPLAIN (COSTS OFF)
SELECT id, title, content, pgroonga_score(tableoid, ctid)
  FROM memos
 WHERE ARRAY[title, content] &@~
       ('Groonga OR RDMBS -PGroonga',
        NULL,
        'pgrn_index')::pgroonga_full_text_search_condition
\g |sed -r -e "s/('.+'|ROW.+)::pgroonga/pgroonga/g"
QUERY PLAN
Bitmap Heap Scan on memos
  Recheck Cond: (ARRAY[title, content] &@~ pgroonga_full_text_search_condition)
  ->  Bitmap Index Scan on pgrn_index
        Index Cond: (ARRAY[title, content] &@~ pgroonga_full_text_search_condition)
(4 rows)
\pset format aligned
SELECT id, title, content, pgroonga_score(tableoid, ctid)
  FROM memos
 WHERE ARRAY[title, content] &@~
       ('Groonga OR RDBMS -PGroonga',
        NULL,
        'pgrn_index')::pgroonga_full_text_search_condition;
 id |   title    |                 content                  | pgroonga_score 
----+------------+------------------------------------------+----------------
  1 | PostgreSQL | PostgreSQL is a RDBMS.                   |              1
  2 | Groonga    | Groonga is fast full text search engine. |              2
(2 rows)

DROP TABLE memos;
