CREATE TABLE memos (
  id integer,
  user_name text,
  content varchar(256)
);
CREATE USER alice NOLOGIN;
GRANT ALL ON TABLE memos TO alice;
INSERT INTO memos VALUES
  (1, 'nonexistent', 'PostgreSQL is a RDBMS.');
INSERT INTO memos VALUES
  (2, 'alice', 'Groonga is fast full text search engine.');
INSERT INTO memos VALUES
  (3, 'alice', 'PGroonga is a PostgreSQL extension that uses Groonga.');
ALTER TABLE memos ENABLE ROW LEVEL SECURITY;
CREATE POLICY memos_myself ON memos USING (user_name = current_user);
CREATE INDEX pgrn_index ON memos
 USING pgroonga (content pgroonga_varchar_full_text_search_ops_v2);
SET enable_seqscan = off;
SET enable_indexscan = off;
SET enable_bitmapscan = on;
SET SESSION AUTHORIZATION alice;
\pset format unaligned
EXPLAIN (COSTS OFF)
SELECT id, content, pgroonga_score(tableoid, ctid)
  FROM memos
 WHERE content &@ pgroonga_condition('Groonga', index_name => 'pgrn_index')
\g |sed -r -e "s/('.+'|ROW.+)::pgroonga/pgroonga/g" -e "s/\(CURRENT_USER\)::text/CURRENT_USER/g"
QUERY PLAN
Bitmap Heap Scan on memos
  Recheck Cond: (content &@ pgroonga_condition)
  Filter: (user_name = CURRENT_USER)
  ->  Bitmap Index Scan on pgrn_index
        Index Cond: (content &@ pgroonga_condition)
(5 rows)
\pset format aligned
SELECT id, content, pgroonga_score(tableoid, ctid)
  FROM memos
 WHERE content &@ pgroonga_condition('Groonga', index_name => 'pgrn_index');
 id |                        content                        | pgroonga_score 
----+-------------------------------------------------------+----------------
  2 | Groonga is fast full text search engine.              |              1
  3 | PGroonga is a PostgreSQL extension that uses Groonga. |              1
(2 rows)

RESET SESSION AUTHORIZATION;
DROP TABLE memos;
DROP USER alice;
