SET pgroonga.enable_wal = yes;
CREATE TABLE memos (
  content text
);
INSERT INTO memos VALUES ('Groonga is fast!');
CREATE INDEX pgrn_index ON memos USING PGroonga (content);
INSERT INTO memos VALUES ('PGroonga is also fast!');
SELECT pgroonga_command('delete',
                        ARRAY[
                          'table', 'IndexStatuses',
                          'key', 'pgrn_index'::regclass::oid::text
                        ])::jsonb->>1;
 ?column? 
----------
 true
(1 row)

SELECT pgroonga_command('table_remove',
                        ARRAY[
                          'name', 'Lexicon' ||
                                  'pgrn_index'::regclass::oid ||
                                  '_0'
                        ])::jsonb->>1;
 ?column? 
----------
 true
(1 row)

SELECT pgroonga_command('table_remove',
                        ARRAY[
                          'name', pgroonga_table_name('pgrn_index')
                        ])::jsonb->>1;
 ?column? 
----------
 true
(1 row)

SELECT pgroonga_wal_apply('pgrn_index');
 pgroonga_wal_apply 
--------------------
                  8
(1 row)

SELECT pgroonga_command('select',
                        ARRAY[
                          'table', pgroonga_table_name('pgrn_index'),
                          'output_columns', '_id, content'
                        ])::jsonb->>1;
                                                   ?column?                                                    
---------------------------------------------------------------------------------------------------------------
 [[[2], [["_id", "UInt32"], ["content", "LongText"]], [1, "Groonga is fast!"], [2, "PGroonga is also fast!"]]]
(1 row)

DROP TABLE memos;
