CREATE TABLE memos (
  id integer,
  content text
);
INSERT INTO memos VALUES (1, 'PostgreSQL is a RDBMS.');
INSERT INTO memos VALUES (2, 'Groonga is fast full text search engine.');
INSERT INTO memos VALUES (3, 'PGroonga is a PostgreSQL extension that uses Groonga.');
CREATE INDEX grnindex ON memos
 USING pgroonga (content pgroonga_text_full_text_search_ops_v2);
SET enable_seqscan = off;
SET enable_indexscan = off;
SET enable_bitmapscan = on;
EXPLAIN (COSTS OFF)
SELECT id, content
  FROM memos
 WHERE content &@* 'Mroonga is a MySQL plugin that uses Groonga.';
                                       QUERY PLAN                                       
----------------------------------------------------------------------------------------
 Bitmap Heap Scan on memos
   Recheck Cond: (content &@* 'Mroonga is a MySQL plugin that uses Groonga.'::text)
   ->  Bitmap Index Scan on grnindex
         Index Cond: (content &@* 'Mroonga is a MySQL plugin that uses Groonga.'::text)
(4 rows)

SELECT id, content
  FROM memos
 WHERE content &@* 'Mroonga is a MySQL plugin that uses Groonga.';
 id |                        content                        
----+-------------------------------------------------------
  3 | PGroonga is a PostgreSQL extension that uses Groonga.
(1 row)

DROP TABLE memos;
