CREATE TABLE memos (
  id integer,
  content varchar(256)
);
INSERT INTO memos VALUES (1, 'PostgreSQL');
INSERT INTO memos VALUES (2, 'Groonga');
INSERT INTO memos VALUES (3, 'PGroonga');
CREATE INDEX pgroonga_index ON memos
  USING pgroonga (content pgroonga_varchar_regexp_ops_v2);
SET enable_seqscan = off;
SET enable_indexscan = off;
SET enable_bitmapscan = on;
EXPLAIN (COSTS OFF)
SELECT id, content
  FROM memos
 WHERE content &~| ARRAY['\Agroonga\z', '\Apostgresql\z']::varchar[];
                                          QUERY PLAN                                           
-----------------------------------------------------------------------------------------------
 Bitmap Heap Scan on memos
   Recheck Cond: (content &~| '{"\\Agroonga\\z","\\Apostgresql\\z"}'::character varying[])
   ->  Bitmap Index Scan on pgroonga_index
         Index Cond: (content &~| '{"\\Agroonga\\z","\\Apostgresql\\z"}'::character varying[])
(4 rows)

SELECT id, content
  FROM memos
 WHERE content &~| ARRAY['\Agroonga\z', '\Apostgresql\z']::varchar[];
 id |  content   
----+------------
  1 | PostgreSQL
  2 | Groonga
(2 rows)

DROP TABLE memos;
