CREATE TABLE memos (
  content text[]
);
INSERT INTO memos
     VALUES (ARRAY['PostgreSQL is a RDBMS',
                   'Groonga is fast full text search engine',
                   'PGroonga is a PostgreSQL extension that uses Groonga']);
INSERT INTO memos
     VALUES (ARRAY['MySQL is a RDBMS',
                   'Mroonga is a MySQL storage engine that uses Groonga']);
CREATE INDEX pgrn_content_index
    ON memos
 USING pgroonga (content pgroonga_text_array_regexp_ops_v2);
SET enable_seqscan = off;
SET enable_indexscan = off;
SET enable_bitmapscan = on;
EXPLAIN (COSTS OFF)
SELECT *
  FROM memos
 WHERE content &~ pgroonga_condition('',
                                     index_name => 'pgrn_content_index');
                                     QUERY PLAN                                      
-------------------------------------------------------------------------------------
 Bitmap Heap Scan on memos
   Recheck Cond: (content &~ '("",,,,pgrn_content_index,,)'::pgroonga_condition)
   ->  Bitmap Index Scan on pgrn_content_index
         Index Cond: (content &~ '("",,,,pgrn_content_index,,)'::pgroonga_condition)
(4 rows)

SELECT *
  FROM memos
 WHERE content &~ pgroonga_condition('',
                                     index_name => 'pgrn_content_index');
 content 
---------
(0 rows)

DROP TABLE memos;
