CREATE TABLE tags (
  id int,
  name varchar
);
INSERT INTO tags VALUES (1, 'PostgreSQL');
INSERT INTO tags VALUES (2, 'Groonga');
INSERT INTO tags VALUES (3, 'groonga');
INSERT INTO tags VALUES (4, 'PGroonga');
CREATE INDEX pgrn_index ON tags
  USING pgroonga (name pgroonga_varchar_term_search_ops_v2);
SET enable_seqscan = off;
SET enable_indexscan = on;
SET enable_bitmapscan = off;
EXPLAIN (COSTS OFF)
SELECT name
  FROM tags
 WHERE name &= 'groonga'
 ORDER BY id;
                         QUERY PLAN                         
------------------------------------------------------------
 Sort
   Sort Key: id
   ->  Index Scan using pgrn_index on tags
         Index Cond: (name &= 'groonga'::character varying)
(4 rows)

SELECT name
  FROM tags
 WHERE name &= 'groonga'
 ORDER BY id;
  name   
---------
 Groonga
 groonga
(2 rows)

DROP TABLE tags;
