CREATE TABLE memos (
  id integer,
  content text
);
INSERT INTO memos VALUES (1, 'PostgreSQL');
INSERT INTO memos VALUES (2, 'Groonga');
INSERT INTO memos VALUES (3, 'PGroonga');
INSERT INTO memos VALUES (4, 'groonga');
CREATE INDEX grnindex ON memos
  USING pgroonga (content pgroonga_text_regexp_ops_v2);
SET enable_seqscan = off;
SET enable_indexscan = off;
SET enable_bitmapscan = on;
EXPLAIN (COSTS OFF)
SELECT id, content
  FROM memos
 WHERE content LIKE 'Groonga';
                    QUERY PLAN                    
--------------------------------------------------
 Bitmap Heap Scan on memos
   Recheck Cond: (content ~~ 'Groonga'::text)
   ->  Bitmap Index Scan on grnindex
         Index Cond: (content ~~ 'Groonga'::text)
(4 rows)

SELECT id, content
  FROM memos
 WHERE content LIKE 'Groonga';
 id | content 
----+---------
  2 | Groonga
(1 row)

DROP TABLE memos;
