CREATE TABLE tags (
  id integer,
  user_name text,
  name text
);
CREATE USER alice NOLOGIN;
GRANT ALL ON TABLE tags TO alice;
INSERT INTO tags VALUES (1, 'nonexistent', 'PostgreSQL');
INSERT INTO tags VALUES (2, 'alice', 'Groonga');
INSERT INTO tags VALUES (3, 'alice', 'PGroonga');
INSERT INTO tags VALUES (4, 'alice', 'pglogical');
ALTER TABLE tags ENABLE ROW LEVEL SECURITY;
CREATE POLICY tags_myself ON tags USING (user_name = current_user);
CREATE INDEX pgrn_index ON tags
 USING pgroonga (name pgroonga_text_term_search_ops_v2);
SET enable_seqscan = off;
SET enable_indexscan = off;
SET enable_bitmapscan = on;
SET SESSION AUTHORIZATION alice;
EXPLAIN (COSTS OFF)
SELECT name
  FROM tags
 WHERE name &^| ARRAY['gro', 'pos']
 ORDER BY id;
                        QUERY PLAN                        
----------------------------------------------------------
 Sort
   Sort Key: id
   ->  Bitmap Heap Scan on tags
         Recheck Cond: (name &^| '{gro,pos}'::text[])
         Filter: (user_name = CURRENT_USER)
         ->  Bitmap Index Scan on pgrn_index
               Index Cond: (name &^| '{gro,pos}'::text[])
(7 rows)

SELECT name
  FROM tags
 WHERE name &^| ARRAY['gro', 'pos']
 ORDER BY id;
  name   
---------
 Groonga
(1 row)

RESET SESSION AUTHORIZATION;
DROP TABLE tags;
DROP USER alice;
