CREATE TABLE logs (
  id int,
  record jsonb
);
INSERT INTO logs VALUES (1, '
[
  ["web"],
  {"ipv4": ["127.0.0.1"]},
  {"code": 100, "content": "hello"}
]
');
INSERT INTO logs VALUES (2, '
[
  ["mail"],
  {"ipv4": ["127.0.0.2"]},
  "hello"
]
');
INSERT INTO logs VALUES (3, '
[
  [],
  {},
  ["hello", "world"]
]
');
CREATE INDEX pgroonga_index ON logs
  USING pgroonga (record pgroonga_jsonb_ops_v2);
SET enable_seqscan = off;
SET enable_indexscan = on;
SET enable_bitmapscan = off;
EXPLAIN (COSTS OFF)
SELECT id, record
  FROM logs
 WHERE record &` 'paths @ ".[][\"ipv4\"][]" && type == "array"'
 ORDER BY id;
                                      QUERY PLAN                                      
--------------------------------------------------------------------------------------
 Sort
   Sort Key: id
   ->  Index Scan using pgroonga_index on logs
         Index Cond: (record &` 'paths @ ".[][\"ipv4\"][]" && type == "array"'::text)
(4 rows)

SELECT id, record
  FROM logs
 WHERE record &` 'paths @ ".[][\"ipv4\"][]" && type == "array"'
 ORDER BY id;
 id |                                record                                 
----+-----------------------------------------------------------------------
  1 | [["web"], {"ipv4": ["127.0.0.1"]}, {"code": 100, "content": "hello"}]
  2 | [["mail"], {"ipv4": ["127.0.0.2"]}, "hello"]
(2 rows)

DROP TABLE logs;
