CREATE TABLE memos (
  id integer,
  content text
);
INSERT INTO memos VALUES (1, 'It works.');
INSERT INTO memos VALUES (2, 'I work.');
INSERT INTO memos VALUES (3, 'I worked.');
CREATE INDEX pgrn_index ON memos
 USING pgroonga (content)
  WITH (token_filters = 'none');
SET enable_seqscan = off;
SET enable_indexscan = on;
SET enable_bitmapscan = off;
SELECT id, content
  FROM memos
 WHERE content %% 'works';
 id |  content  
----+-----------
  1 | It works.
(1 row)

SELECT id, content
  FROM memos
 WHERE content %% 'work';
 id | content 
----+---------
  2 | I work.
(1 row)

SELECT id, content
  FROM memos
 WHERE content %% 'worked';
 id |  content  
----+-----------
  3 | I worked.
(1 row)

DROP TABLE memos;
