CREATE TABLE data (
  id uuid
);
INSERT INTO data VALUES ('12345678-abcd-bcde-cdef-123456789012');
INSERT INTO data VALUES ('12345670-abcd-bcde-cdef-123456789012');
INSERT INTO data VALUES ('12345671-abcd-bcde-cdef-123456789012');
INSERT INTO data VALUES ('12345672-abcd-bcde-cdef-123456789012');
CREATE INDEX pgrn_index ON data USING pgroonga (id);
SET enable_seqscan = off;
SET enable_indexscan = on;
SET enable_bitmapscan = off;
EXPLAIN (COSTS OFF)
SELECT id
  FROM data
 WHERE id = '12345670-ABCD-BCDE-CDEF-123456789012';
                            QUERY PLAN                             
-------------------------------------------------------------------
 Index Scan using pgrn_index on data
   Index Cond: (id = '12345670-abcd-bcde-cdef-123456789012'::uuid)
(2 rows)

SELECT id
  FROM data
 WHERE id = '12345670-ABCD-BCDE-CDEF-123456789012';
                  id                  
--------------------------------------
 12345670-abcd-bcde-cdef-123456789012
(1 row)

DROP TABLE data;
