CREATE TABLE memos (
  content text
);
INSERT INTO memos VALUES ('PostgreSQL is a RDBMS.');
INSERT INTO memos VALUES ('Groonga is fast full text search engine.');
INSERT INTO memos VALUES ('PGroonga is a PostgreSQL extension that uses Groonga.');
CREATE INDEX pgroonga_index ON memos USING pgroonga (content);
SELECT pgroonga_command('select',
                        ARRAY[
                          'table',
                          pgroonga_table_name('pgroonga_index'),
                          'output_columns',
                          '_id, content'
                        ])::json->>1
    AS body;
                                                                                           body                                                                                            
-------------------------------------------------------------------------------------------------------------------------------------------------------------------------------------------
 [[[3],[["_id","UInt32"],["content","LongText"]],[1,"PostgreSQL is a RDBMS."],[2,"Groonga is fast full text search engine."],[3,"PGroonga is a PostgreSQL extension that uses Groonga."]]]
(1 row)

DROP TABLE memos;
