CREATE TABLE memos (
  created_at timestamp
);
INSERT INTO memos VALUES ('2018-02-02');
CREATE INDEX pgroonga_index ON memos USING pgroonga (created_at);
SELECT pgroonga_command('select',
                        ARRAY['table', pgroonga_table_name('pgroonga_index'),
                              'output_columns', 'created_at'])::json->>1
    AS body;
                      body                      
------------------------------------------------
 [[[1],[["created_at","Time"]],[1517558400.0]]]
(1 row)

SET enable_seqscan = off;
SET enable_bitmapscan = off;
SET enable_indexscan = on;
SET enable_indexonlyscan = on;
EXPLAIN (COSTS OFF)
SELECT *
  FROM memos
 WHERE created_at >= '2018-02-02';
                                      QUERY PLAN                                       
---------------------------------------------------------------------------------------
 Index Scan using pgroonga_index on memos
   Index Cond: (created_at >= 'Fri Feb 02 00:00:00 2018'::timestamp without time zone)
(2 rows)

SELECT *
  FROM memos
 WHERE created_at >= '2018-02-02';
        created_at        
--------------------------
 Fri Feb 02 00:00:00 2018
(1 row)

DROP TABLE memos;
