SET pgroonga.enable_wal = yes;
CREATE TABLE memos (
  content text
);
CREATE TABLE tags (
  name text
);
INSERT INTO memos VALUES ('Groonga is fast!');
INSERT INTO tags VALUES ('Groonga');
CREATE INDEX pgrn_memos_index ON memos USING PGroonga (content);
CREATE INDEX pgrn_tags_index ON tags USING PGroonga (name);
INSERT INTO memos VALUES ('PGroonga is also fast!');
INSERT INTO tags VALUES ('PGroonga');
SELECT pgroonga_command('truncate',
                        ARRAY[
                          'table', pgroonga_table_name('pgrn_memos_index')
                        ])::jsonb->>1;
 ?column? 
----------
 true
(1 row)

SELECT pgroonga_command('truncate',
                        ARRAY[
                          'table', pgroonga_table_name('pgrn_tags_index')
                        ])::jsonb->>1;
 ?column? 
----------
 true
(1 row)

SELECT pgroonga_wal_truncate();
 pgroonga_wal_truncate 
-----------------------
                     2
(1 row)

INSERT INTO memos VALUES ('PostgreSQL is a good RDBMS!');
INSERT INTO tags VALUES ('PostgreSQL');
SELECT pgroonga_wal_apply();
 pgroonga_wal_apply 
--------------------
                  0
(1 row)

SELECT pgroonga_command('select',
                        ARRAY[
                          'table', pgroonga_table_name('pgrn_memos_index'),
                          'output_columns', '_id, content'
                        ])::jsonb->>1;
                                         ?column?                                          
-------------------------------------------------------------------------------------------
 [[[1], [["_id", "UInt32"], ["content", "LongText"]], [1, "PostgreSQL is a good RDBMS!"]]]
(1 row)

SELECT pgroonga_command('select',
                        ARRAY[
                          'table', pgroonga_table_name('pgrn_tags_index'),
                          'output_columns', '_id, name'
                        ])::jsonb->>1;
                               ?column?                                
-----------------------------------------------------------------------
 [[[1], [["_id", "UInt32"], ["name", "LongText"]], [1, "PostgreSQL"]]]
(1 row)

DROP TABLE memos;
DROP TABLE tags;
