CREATE TABLE tags (
  name text
);
INSERT INTO tags VALUES ('PostgreSQL');
INSERT INTO tags VALUES ('Groonga');
INSERT INTO tags VALUES ('PGroonga');
INSERT INTO tags VALUES ('pglogical');
CREATE INDEX pgroonga_index ON tags
  USING pgroonga (name pgroonga_text_term_search_ops_v2);
SET enable_seqscan = off;
SET enable_indexscan = on;
SET enable_bitmapscan = off;
EXPLAIN (COSTS OFF)
SELECT name
  FROM tags
 WHERE name &^ 'p' and
       name !&^| ARRAY['gro', 'pos'];
                               QUERY PLAN                                
-------------------------------------------------------------------------
 Index Scan using pgroonga_index on tags
   Index Cond: ((name &^ 'p'::text) AND (name !&^| '{gro,pos}'::text[]))
(2 rows)

SELECT name
  FROM tags
 WHERE name &^ 'p' and
       name !&^| ARRAY['gro', 'pos'];
   name    
-----------
 PGroonga
 pglogical
(2 rows)

DROP TABLE tags;
