CREATE TABLE memos (
  title text,
  contents text[]
);
INSERT INTO memos
     VALUES ('PostgreSQL',
             ARRAY['PostgreSQL is an OSS RDBMS',
                   'PostgreSQL has partial full-text search support']);
INSERT INTO memos
     VALUES ('Groonga', ARRAY['Groonga is an OSS full-text search engine',
                              'Groonga has full full-text search support']);
INSERT INTO memos
    VALUES ('PGroonga',
            ARRAY['PGroonga is an OSS PostgreSQL extension',
                  'PGroonga adds full full-text search support based on Groonga to PostgreSQL']);
SET enable_seqscan = on;
SET enable_indexscan = off;
SET enable_bitmapscan = off;
EXPLAIN (COSTS OFF)
SELECT title, contents
  FROM memos
 WHERE contents &@~ 'oss search partial';
                     QUERY PLAN                      
-----------------------------------------------------
 Seq Scan on memos
   Filter: (contents &@~ 'oss search partial'::text)
(2 rows)

SELECT title, contents
  FROM memos
 WHERE contents &@~ 'oss search partial';
   title    |                                     contents                                     
------------+----------------------------------------------------------------------------------
 PostgreSQL | {"PostgreSQL is an OSS RDBMS","PostgreSQL has partial full-text search support"}
(1 row)

DROP TABLE memos;
