CREATE TABLE fruits (
  id int,
  items jsonb
);
INSERT INTO fruits VALUES (1, '{"name": "apple"}');
INSERT INTO fruits VALUES (2, '{"type": "apple"}');
INSERT INTO fruits VALUES (3, '{"name": "peach"}');
INSERT INTO fruits VALUES (4, '{"like": "banana"}');
CREATE INDEX pgroonga_index ON fruits
  USING pgroonga (items pgroonga_jsonb_ops);
SET enable_seqscan = off;
SET enable_indexscan = off;
SET enable_bitmapscan = on;
EXPLAIN (COSTS OFF)
SELECT id, items
  FROM fruits
 WHERE items &? 'apple OR banana'
 ORDER BY id;
                          QUERY PLAN                          
--------------------------------------------------------------
 Sort
   Sort Key: id
   ->  Bitmap Heap Scan on fruits
         Recheck Cond: (items &? 'apple OR banana'::text)
         ->  Bitmap Index Scan on pgroonga_index
               Index Cond: (items &? 'apple OR banana'::text)
(6 rows)

SELECT id, items
  FROM fruits
 WHERE items &? 'apple OR banana'
 ORDER BY id;
 id |       items        
----+--------------------
  1 | {"name": "apple"}
  2 | {"type": "apple"}
  4 | {"like": "banana"}
(3 rows)

DROP TABLE fruits;
