CREATE TABLE memos (
  content text
);
INSERT INTO memos VALUES ('123');
CREATE INDEX pgrn_index ON memos
  USING pgroonga (content)
  WITH (lexicon_type = 'hash_table');
SET enable_seqscan = off;
SELECT *
  FROM memos
 WHERE content &@ '1';
 content 
---------
(0 rows)

SELECT entry->>3 AS flags
  FROM jsonb_array_elements((pgroonga_command('table_list')::jsonb#>'{1}') - 0)
       AS entry
 WHERE entry->>1 = 'Lexicon' || 'pgrn_index'::regclass::oid || '_0';
           flags           
---------------------------
 TABLE_HASH_KEY|PERSISTENT
(1 row)

DROP TABLE memos;
