CREATE UNLOGGED TABLE memos (
  id integer,
  content text
);
INSERT INTO memos VALUES (1, 'PostgreSQL is a RDBMS.');
INSERT INTO memos VALUES (2, 'Groonga is fast full text search engine.');
INSERT INTO memos VALUES (3, 'PGroonga is a PostgreSQL extension that uses Groonga.');
CREATE INDEX pgroonga_index ON memos USING pgroonga (content);
SET enable_seqscan = off;
SET enable_indexscan = on;
SET enable_bitmapscan = off;
EXPLAIN (COSTS OFF)
SELECT id, content
  FROM memos
 WHERE content &@ 'PostgreSQL';
                  QUERY PLAN                   
-----------------------------------------------
 Index Scan using pgroonga_index on memos
   Index Cond: (content &@ 'PostgreSQL'::text)
(2 rows)

SELECT id, content
  FROM memos
 WHERE content &@ 'PostgreSQL';
 id |                        content                        
----+-------------------------------------------------------
  1 | PostgreSQL is a RDBMS.
  3 | PGroonga is a PostgreSQL extension that uses Groonga.
(2 rows)

DROP TABLE memos;
