CREATE TABLE memos (
  id integer,
  content text
);
INSERT INTO memos VALUES (1, 'PostgreSQL is a RDBMS.');
INSERT INTO memos VALUES (2, 'Groonga is fast full text search engine.');
INSERT INTO memos VALUES (3, 'PGroonga is a PostgreSQL extension that uses Groonga.');
CREATE INDEX grnindex ON memos USING pgroonga (content);
SET enable_seqscan = off;
SET enable_indexscan = off;
SET enable_bitmapscan = on;
EXPLAIN (COSTS OFF)
SELECT id, content
  FROM memos
 WHERE content &@ 'PGroonga' OR content &@ 'Groonga';
                                   QUERY PLAN                                    
---------------------------------------------------------------------------------
 Bitmap Heap Scan on memos
   Recheck Cond: ((content &@ 'PGroonga'::text) OR (content &@ 'Groonga'::text))
   ->  Bitmap Index Scan on grnindex
         Index Cond: (content &@ ANY ('{PGroonga,Groonga}'::text[]))
(4 rows)

SELECT id, content
  FROM memos
 WHERE content &@ 'PGroonga' OR content &@ 'Groonga';
 id |                        content                        
----+-------------------------------------------------------
  2 | Groonga is fast full text search engine.
  3 | PGroonga is a PostgreSQL extension that uses Groonga.
(2 rows)

DROP TABLE memos;
