CREATE TABLE memos (
  id integer,
  user_name text,
  content varchar(256)
);
CREATE USER alice NOLOGIN;
GRANT ALL ON TABLE memos TO alice;
INSERT INTO memos VALUES
  (1, 'nonexistent', 'PostgreSQL is a RDBMS.');
INSERT INTO memos VALUES
  (2, 'alice', 'Groonga is fast full text search engine.');
INSERT INTO memos VALUES
  (3, 'alice', 'PGroonga is a PostgreSQL extension that uses Groonga.');
ALTER TABLE memos ENABLE ROW LEVEL SECURITY;
CREATE POLICY memos_myself ON memos USING (user_name = current_user);
SET enable_seqscan = on;
SET enable_indexscan = off;
SET enable_bitmapscan = off;
SET SESSION AUTHORIZATION alice;
\pset format unaligned
EXPLAIN (COSTS OFF)
SELECT id, content
  FROM memos
 WHERE content &~| ARRAY['pgroonga', 'rdbms']::varchar[]
\g |sed -r -e "s/\(CURRENT_USER\)::text/CURRENT_USER/g"
QUERY PLAN
Seq Scan on memos
  Filter: ((user_name = CURRENT_USER) AND (content &~| '{pgroonga,rdbms}'::character varying[]))
(2 rows)
\pset format aligned
SELECT id, content
  FROM memos
 WHERE content &~| ARRAY['pgroonga', 'rdbms']::varchar[];
 id |                        content                        
----+-------------------------------------------------------
  3 | PGroonga is a PostgreSQL extension that uses Groonga.
(1 row)

RESET SESSION AUTHORIZATION;
DROP TABLE memos;
DROP USER alice;
