CREATE TABLE memos (
  content text
);
INSERT INTO memos VALUES ('PostgreSQL is a RDBMS');
INSERT INTO memos VALUES ('Groonga is fast full text search engine');
INSERT INTO memos VALUES ('PGroonga is a PostgreSQL extension that uses Groonga');
CREATE INDEX pgrn_content_index ON memos
  USING pgroonga (content pgroonga_text_regexp_ops_v2);
SET enable_seqscan = off;
SET enable_indexscan = on;
SET enable_bitmapscan = off;
EXPLAIN (COSTS OFF)
SELECT *
  FROM memos
 WHERE content &~| ARRAY['', 'rdbms\z', '\Agroonga'];
                             QUERY PLAN                             
--------------------------------------------------------------------
 Index Scan using pgrn_content_index on memos
   Index Cond: (content &~| '{"","rdbms\\z","\\Agroonga"}'::text[])
(2 rows)

SELECT *
  FROM memos
 WHERE content &~| ARRAY['', 'rdbms\z', '\Agroonga'];
                 content                 
-----------------------------------------
 PostgreSQL is a RDBMS
 Groonga is fast full text search engine
(2 rows)

DROP TABLE memos;
