CREATE TABLE tags (
  id integer,
  user_name text,
  names text[]
);
CREATE USER alice NOLOGIN;
GRANT ALL ON TABLE tags TO alice;
INSERT INTO tags VALUES (1, 'nonexistent', ARRAY['PostgreSQL', 'PG']);
INSERT INTO tags VALUES (2, 'alice', ARRAY['Groonga', 'grn']);
INSERT INTO tags VALUES (3, 'alice', ARRAY['PGroonga', 'pgrn']);
INSERT INTO tags VALUES (4, 'alice', ARRAY[]::text[]);
ALTER TABLE tags ENABLE ROW LEVEL SECURITY;
CREATE POLICY tags_myself ON tags USING (user_name = current_user);
CREATE INDEX pgrn_index ON tags
 USING pgroonga (names pgroonga_text_array_term_search_ops_v2);
SET enable_seqscan = off;
SET enable_indexscan = off;
SET enable_bitmapscan = on;
SET SESSION AUTHORIZATION alice;
\pset format unaligned
EXPLAIN (COSTS OFF)
SELECT names
  FROM tags
 WHERE names &^ 'pG'
 ORDER BY id
\g |sed -r -e "s/\(CURRENT_USER\)::text/CURRENT_USER/g"
QUERY PLAN
Sort
  Sort Key: id
  ->  Bitmap Heap Scan on tags
        Recheck Cond: (names &^ 'pG'::text)
        Filter: (user_name = CURRENT_USER)
        ->  Bitmap Index Scan on pgrn_index
              Index Cond: (names &^ 'pG'::text)
(7 rows)
\pset format aligned
SELECT names
  FROM tags
 WHERE names &^ 'pG'
 ORDER BY id;
      names      
-----------------
 {PGroonga,pgrn}
(1 row)

RESET SESSION AUTHORIZATION;
DROP TABLE tags;
DROP USER alice;
