CREATE TABLE tags (
  id integer,
  user_name text,
  name text
);
CREATE USER alice NOLOGIN;
GRANT ALL ON TABLE tags TO alice;
INSERT INTO tags VALUES (1, 'nonexistent', 'PostgreSQL');
INSERT INTO tags VALUES (2, 'alice', 'Groonga');
INSERT INTO tags VALUES (3, 'alice', 'PGroonga');
INSERT INTO tags VALUES (4, 'alice', 'pglogical');
ALTER TABLE tags ENABLE ROW LEVEL SECURITY;
CREATE POLICY tags_myself ON tags USING (user_name = current_user);
CREATE INDEX pgrn_index ON tags
 USING pgroonga (name pgroonga_text_term_search_ops_v2);
SET enable_seqscan = off;
SET enable_indexscan = on;
SET enable_bitmapscan = off;
SET SESSION AUTHORIZATION alice;
EXPLAIN (COSTS OFF)
SELECT name
  FROM tags
 WHERE name &^ 'pG'
 ORDER BY id;
                 QUERY PLAN                 
--------------------------------------------
 Sort
   Sort Key: id
   ->  Index Scan using pgrn_index on tags
         Index Cond: (name &^ 'pG'::text)
         Filter: (user_name = CURRENT_USER)
(5 rows)

SELECT name
  FROM tags
 WHERE name &^ 'pG'
 ORDER BY id;
   name    
-----------
 PGroonga
 pglogical
(2 rows)

RESET SESSION AUTHORIZATION;
DROP TABLE tags;
DROP USER alice;
