CREATE TABLE memos (
  content text
);
INSERT INTO memos VALUES ('Groonga is fast!');
SELECT pgroonga_set_writable(false);
 pgroonga_set_writable 
-----------------------
 t
(1 row)

CREATE INDEX pgrn_index ON memos USING PGroonga (content);
ERROR:  pgroonga: can't create an index while pgroonga.writable is false
SELECT pgroonga_set_writable(true);
 pgroonga_set_writable 
-----------------------
 f
(1 row)

CREATE INDEX pgrn_index ON memos USING PGroonga (content);
SELECT pgroonga_command('select',
			ARRAY[
			  'table', pgroonga_table_name('pgrn_index'),
			  'output_columns', '_id, content'
			])::jsonb->>1;
                                    ?column?                                    
--------------------------------------------------------------------------------
 [[[1], [["_id", "UInt32"], ["content", "LongText"]], [1, "Groonga is fast!"]]]
(1 row)

DROP TABLE memos;
