SET pgroonga.enable_wal = true;
CREATE TABLE memos (
  content text
);
INSERT INTO memos VALUES ('Groonga is fast!');
CREATE INDEX pgrn_index ON memos USING PGroonga (content);
SELECT pgroonga_command('delete',
                        ARRAY[
                          'table', 'IndexStatuses',
                          'key', 'pgrn_index'::regclass::oid::text
                        ])::jsonb->>1;
 ?column? 
----------
 true
(1 row)

SELECT pgroonga_command('table_remove',
                        ARRAY[
                          'name', 'Lexicon' ||
                                  'pgrn_index'::regclass::oid ||
                                  '_0'
                        ])::jsonb->>1;
 ?column? 
----------
 true
(1 row)

SELECT pgroonga_command('table_remove',
                        ARRAY[
                          'name', pgroonga_table_name('pgrn_index')
                        ])::jsonb->>1;
 ?column? 
----------
 true
(1 row)

SELECT pgroonga_set_writable(false);
 pgroonga_set_writable 
-----------------------
 t
(1 row)

SELECT pgroonga_wal_apply('pgrn_index');
ERROR:  pgroonga: wal_apply: can't apply WAL while pgroonga.writable is false
SELECT pgroonga_command('object_exist',
			ARRAY[
			  'name', pgroonga_table_name('pgrn_index')
			])::jsonb->>1;
 ?column? 
----------
 false
(1 row)

SELECT pgroonga_set_writable(true);
 pgroonga_set_writable 
-----------------------
 f
(1 row)

SELECT pgroonga_wal_apply('pgrn_index');
 pgroonga_wal_apply 
--------------------
                  8
(1 row)

SELECT pgroonga_command('select',
			ARRAY[
			  'table', pgroonga_table_name('pgrn_index'),
			  'output_columns', '_id, content'
			])::jsonb->>1;
                                    ?column?                                    
--------------------------------------------------------------------------------
 [[[1], [["_id", "UInt32"], ["content", "LongText"]], [1, "Groonga is fast!"]]]
(1 row)

DROP TABLE memos;
