CREATE TABLE memos (
  title text,
  content text
);
INSERT INTO memos VALUES ('hyphen', '090-1234-5678');
INSERT INTO memos VALUES ('parenthesis', '(090)1234-5678');
CREATE INDEX pgrn_index ON memos
 USING pgroonga ((ARRAY[title, content])
                 pgroonga_text_array_full_text_search_ops_v2)
  WITH (tokenizer = 'TokenNgram("loose_symbol", true)');
SET enable_seqscan = on;
SET enable_indexscan = off;
SET enable_bitmapscan = off;
\pset format unaligned
EXPLAIN (COSTS OFF)
SELECT content, pgroonga_score(tableoid, ctid)
  FROM memos
 WHERE ARRAY[title, content] &@~
         pgroonga_condition('090-12345678', ARRAY[5, 2], index_name => 'pgrn_index')
\g |sed -r -e "s/('.+'|ROW.+)::pgroonga/pgroonga/g"
QUERY PLAN
Seq Scan on memos
  Filter: (ARRAY[title, content] &@~ pgroonga_condition)
(2 rows)
\pset format aligned
SELECT content, pgroonga_score(tableoid, ctid)
  FROM memos
 WHERE ARRAY[title, content] &@~
         pgroonga_condition('090-12345678', ARRAY[5, 2], index_name => 'pgrn_index');
    content     | pgroonga_score 
----------------+----------------
 090-1234-5678  |              0
 (090)1234-5678 |              0
(2 rows)

DROP TABLE memos;
