CREATE TABLE ids (
  id integer
);
INSERT INTO ids VALUES (2);
INSERT INTO ids VALUES (7);
INSERT INTO ids VALUES (6);
INSERT INTO ids VALUES (4);
INSERT INTO ids VALUES (5);
INSERT INTO ids VALUES (8);
INSERT INTO ids VALUES (1);
INSERT INTO ids VALUES (10);
INSERT INTO ids VALUES (3);
INSERT INTO ids VALUES (9);
CREATE INDEX grnindex ON ids
  USING pgroonga (id pgroonga.int4_ops);
SET enable_seqscan = off;
SET enable_indexscan = off;
SET enable_bitmapscan = on;
SELECT id
  FROM ids
 WHERE id BETWEEN 3 AND 9
 ORDER BY id ASC;
 id 
----
  3
  4
  5
  6
  7
  8
  9
(7 rows)

DROP TABLE ids;
