CREATE TABLE memos (
  id integer,
  tag text
);
INSERT INTO memos VALUES (1, 'PostgreSQL');
INSERT INTO memos VALUES (2, 'PostgreSQL Groonga');
INSERT INTO memos VALUES (3, 'Groonga');
CREATE INDEX grnindex ON memos
 USING pgroonga (tag)
  WITH (tokenizer = '');
SET enable_seqscan = off;
SET enable_indexscan = on;
SET enable_bitmapscan = off;
SELECT id, tag
  FROM memos
 WHERE tag %% 'PostgreSQL';
 id |    tag     
----+------------
  1 | PostgreSQL
(1 row)

SELECT id, tag
  FROM memos
 WHERE tag %% 'PostgreSQL Groonga';
 id |        tag         
----+--------------------
  2 | PostgreSQL Groonga
(1 row)

DROP TABLE memos;
