CREATE TABLE fruits (
  id int,
  items jsonb
);
INSERT INTO fruits VALUES (1, '[true]');
INSERT INTO fruits VALUES (2, '[false]');
INSERT INTO fruits VALUES (3, '[true]');
CREATE INDEX pgroonga_index ON fruits
  USING pgroonga (items pgroonga_jsonb_ops_v2);
SET enable_seqscan = off;
SET enable_indexscan = off;
SET enable_bitmapscan = on;
EXPLAIN (COSTS OFF)
SELECT id, items
  FROM fruits
 WHERE items &` 'boolean == true'
 ORDER BY id;
                          QUERY PLAN                          
--------------------------------------------------------------
 Sort
   Sort Key: id
   ->  Bitmap Heap Scan on fruits
         Recheck Cond: (items &` 'boolean == true'::text)
         ->  Bitmap Index Scan on pgroonga_index
               Index Cond: (items &` 'boolean == true'::text)
(6 rows)

SELECT id, items
  FROM fruits
 WHERE items &` 'boolean == true'
 ORDER BY id;
 id | items  
----+--------
  1 | [true]
  3 | [true]
(2 rows)

DROP TABLE fruits;
