CREATE TABLE memos (
  id integer,
  content text
);
INSERT INTO memos VALUES (1, 'PostgreSQL is a RDBMS.');
CREATE INDEX grnindex ON memos
  USING pgroonga (content pgroonga.text_full_text_search_ops);
TRUNCATE memos;
INSERT INTO memos VALUES (2, 'Groonga is fast full text search engine.');
INSERT INTO memos VALUES (3, 'PGroonga is a PostgreSQL extension that uses Groonga.');
SET enable_seqscan = off;
SET enable_indexscan = on;
SET enable_bitmapscan = off;
SELECT id, content
  FROM memos
 WHERE content %% 'PostgreSQL';
 id |                        content                        
----+-------------------------------------------------------
  3 | PGroonga is a PostgreSQL extension that uses Groonga.
(1 row)

DROP TABLE memos;
