CREATE TABLE memos (
  id integer,
  user_name text,
  content text
);
CREATE USER alice NOLOGIN;
GRANT ALL ON TABLE memos TO alice;
INSERT INTO memos VALUES
  (1, 'nonexistent', 'PostgreSQL is a RDBMS.');
INSERT INTO memos VALUES
  (2, 'alice', 'Groonga is fast full text search engine.');
INSERT INTO memos VALUES
  (3, 'alice', 'PGroonga is a PostgreSQL extension that uses Groonga.');
ALTER TABLE memos ENABLE ROW LEVEL SECURITY;
CREATE POLICY memos_myself ON memos USING (user_name = current_user);
CREATE INDEX pgrn_index ON memos
 USING pgroonga (content pgroonga_text_full_text_search_ops_v2);
SET enable_seqscan = off;
SET enable_indexscan = off;
SET enable_bitmapscan = on;
SET SESSION AUTHORIZATION alice;
\pset format unaligned
EXPLAIN (COSTS OFF)
SELECT id, content
  FROM memos
 WHERE content &` 'content @ "rdbms" || content @ "engine"'
\g |sed -r -e "s/\(CURRENT_USER\)::text/CURRENT_USER/g"
QUERY PLAN
Bitmap Heap Scan on memos
  Recheck Cond: (content &` 'content @ "rdbms" || content @ "engine"'::text)
  Filter: (user_name = CURRENT_USER)
  ->  Bitmap Index Scan on pgrn_index
        Index Cond: (content &` 'content @ "rdbms" || content @ "engine"'::text)
(5 rows)
\pset format aligned
SELECT id, content
  FROM memos
 WHERE content &` 'content @ "rdbms" || content @ "engine"';
 id |                 content                  
----+------------------------------------------
  2 | Groonga is fast full text search engine.
(1 row)

\pset format unaligned
EXPLAIN (COSTS OFF)
SELECT id, content
  FROM memos
 WHERE content &` 'content @ "rdbms" ||'
\g |sed -r -e "s/\(CURRENT_USER\)::text/CURRENT_USER/g"
QUERY PLAN
Bitmap Heap Scan on memos
  Recheck Cond: (content &` 'content @ "rdbms" ||'::text)
  Filter: (user_name = CURRENT_USER)
  ->  Bitmap Index Scan on pgrn_index
        Index Cond: (content &` 'content @ "rdbms" ||'::text)
(5 rows)
\pset format aligned
SELECT id, content
  FROM memos
 WHERE content &` 'content @ "rdbms" ||';
 id | content 
----+---------
(0 rows)

RESET SESSION AUTHORIZATION;
DROP TABLE memos;
DROP USER alice;
