CREATE TABLE logs (
  id int,
  record jsonb
);
INSERT INTO logs VALUES (1, '{"message": {"code": 100, "content": "hello"}}');
INSERT INTO logs VALUES (1, '{"message": "hello"}');
INSERT INTO logs VALUES (1, '{"message": ["hello", "world"]}');
CREATE INDEX pgroonga_index ON logs
  USING pgroonga (record pgroonga.jsonb_ops);
SET enable_seqscan = off;
SET enable_indexscan = off;
SET enable_bitmapscan = on;
SELECT id, record
  FROM logs
 WHERE record @@ 'paths @ ".message" && type == "object"'
 ORDER BY id;
 id |                     record                     
----+------------------------------------------------
  1 | {"message": {"code": 100, "content": "hello"}}
(1 row)

DROP TABLE logs;
