CREATE TABLE memos (
  content text
);
INSERT INTO memos VALUES ('PostgreSQL is a RDBMS');
CREATE INDEX pgrn_content_index ON memos
  USING pgroonga (content pgroonga_text_regexp_ops_v2);
SET enable_seqscan = off;
SET enable_indexscan = off;
SET enable_bitmapscan = on;
EXPLAIN (COSTS OFF)
SELECT *
  FROM memos
 WHERE content &~| NULL;
        QUERY PLAN         
---------------------------
 Result
   Replaces: Scan on memos
   One-Time Filter: false
(3 rows)

SELECT *
  FROM memos
 WHERE content &~| NULL;
 content 
---------
(0 rows)

DROP TABLE memos;
