CREATE TABLE tags (
  names text[]
);
INSERT INTO tags VALUES (ARRAY['PostgreSQL', 'PG']);
INSERT INTO tags VALUES (ARRAY['Groonga', 'grn', 'groonga']);
INSERT INTO tags VALUES (ARRAY['PGroonga', 'pgrn', 'groonga']);
CREATE INDEX pgroonga_index ON tags
  USING pgroonga (names pgroonga_text_array_term_search_ops_v2);
SET enable_seqscan = off;
SET enable_indexscan = on;
SET enable_bitmapscan = off;
EXPLAIN (COSTS OFF)
SELECT names
  FROM tags
 WHERE names @> ARRAY['grn', 'groonga'];
                    QUERY PLAN                    
--------------------------------------------------
 Index Scan using pgroonga_index on tags
   Index Cond: (names @> '{grn,groonga}'::text[])
(2 rows)

SELECT names
  FROM tags
 WHERE names @> ARRAY['grn', 'groonga'];
         names         
-----------------------
 {Groonga,grn,groonga}
(1 row)

DROP TABLE tags;
