CREATE TABLE readings (
  katakanas text[]
);
INSERT INTO readings VALUES (ARRAY['ポストグレスキューエル', 'ポスグレ']);
INSERT INTO readings VALUES (ARRAY['グルンガ', 'グルン']);
INSERT INTO readings VALUES (ARRAY['ピージールンガ', 'ピーグルン']);
CREATE INDEX pgrn_index ON readings
  USING pgroonga (katakanas pgroonga_text_array_term_search_ops_v2);
SET enable_seqscan = off;
SET enable_indexscan = on;
SET enable_bitmapscan = off;
EXPLAIN (COSTS OFF)
SELECT katakanas
  FROM readings
 WHERE katakanas &^~| ARRAY['po', 'gu'];
                    QUERY PLAN                    
--------------------------------------------------
 Index Scan using pgrn_index on readings
   Index Cond: (katakanas &^~| '{po,gu}'::text[])
(2 rows)

SELECT katakanas
  FROM readings
 WHERE katakanas &^~| ARRAY['po', 'gu'];
             katakanas             
-----------------------------------
 {ポストグレスキューエル,ポスグレ}
 {グルンガ,グルン}
(2 rows)

DROP TABLE readings;
