CREATE TABLE fruits (
  id int,
  items jsonb
);
INSERT INTO fruits VALUES (1, '{"name": "apple"}');
INSERT INTO fruits VALUES (2, '{"type": "apple"}');
INSERT INTO fruits VALUES (3, '{"name": "peach"}');
INSERT INTO fruits VALUES (4, '{"like": "banana"}');
CREATE INDEX pgroonga_index ON fruits
  USING pgroonga (items pgroonga_jsonb_ops_v2);
SET enable_seqscan = off;
SET enable_indexscan = on;
SET enable_bitmapscan = off;
EXPLAIN (COSTS OFF)
SELECT id, items
  FROM fruits
 WHERE items &@~ 'apple OR banana'
 ORDER BY id;
                       QUERY PLAN                        
---------------------------------------------------------
 Sort
   Sort Key: id
   ->  Index Scan using pgroonga_index on fruits
         Index Cond: (items &@~ 'apple OR banana'::text)
(4 rows)

SELECT id, items
  FROM fruits
 WHERE items &@~ 'apple OR banana'
 ORDER BY id;
 id |       items        
----+--------------------
  1 | {"name": "apple"}
  2 | {"type": "apple"}
  4 | {"like": "banana"}
(3 rows)

DROP TABLE fruits;
