CREATE TABLE memos (
  id integer,
  title text,
  content text
);
INSERT INTO memos VALUES (1, NULL, 'PostgreSQL is a RDBMS.');
INSERT INTO memos VALUES (2, 'Groonga', 'Groonga is fast full text search engine.');
INSERT INTO memos VALUES (3, 'PGroonga', 'PGroonga is a PostgreSQL extension that uses Groonga.');
CREATE INDEX pgrn_index ON memos
 USING pgroonga ((ARRAY[title, content])
                 pgroonga_text_array_full_text_search_ops_v2);
SET enable_seqscan = off;
SET enable_indexscan = on;
SET enable_bitmapscan = off;
EXPLAIN (COSTS OFF)
SELECT id, title, content, pgroonga_score(tableoid, ctid)
  FROM memos
 WHERE ARRAY[title, content] &@~
       ('Groonga OR RDMBS -PGroonga',
        ARRAY[5, 0],
        'pgrn_index')::pgroonga_full_text_search_condition;
                                                                           QUERY PLAN                                                                           
----------------------------------------------------------------------------------------------------------------------------------------------------------------
 Index Scan using pgrn_index on memos
   Index Cond: (ARRAY[title, content] &@~ ROW('Groonga OR RDMBS -PGroonga'::text, '{5,0}'::integer[], 'pgrn_index'::text)::pgroonga_full_text_search_condition)
(2 rows)

SELECT id, title, content, pgroonga_score(tableoid, ctid)
  FROM memos
 WHERE ARRAY[title, content] &@~
       ('Groonga OR RDBMS -PGroonga',
        ARRAY[5, 0],
        'pgrn_index')::pgroonga_full_text_search_condition;
 id |  title  |                 content                  | pgroonga_score 
----+---------+------------------------------------------+----------------
  2 | Groonga | Groonga is fast full text search engine. |              5
(1 row)

DROP TABLE memos;
