CREATE TABLE memos (
  id integer,
  content text
);
INSERT INTO memos VALUES (1, 'PostgreSQL');
INSERT INTO memos VALUES (2, 'Groonga');
INSERT INTO memos VALUES (3, 'PGroonga');
CREATE INDEX grnindex ON memos
  USING pgroonga (content pgroonga.text_regexp_ops);
SET enable_seqscan = off;
SET enable_indexscan = on;
SET enable_bitmapscan = off;
EXPLAIN (COSTS OFF)
SELECT id, content
  FROM memos
 WHERE content &~ '\Agroonga\z';
                   QUERY PLAN                   
------------------------------------------------
 Index Scan using grnindex on memos
   Index Cond: (content &~ '\Agroonga\z'::text)
(2 rows)

SELECT id, content
  FROM memos
 WHERE content &~ '\Agroonga\z';
 id | content 
----+---------
  2 | Groonga
(1 row)

DROP TABLE memos;
