CREATE TABLE tags (
  name varchar
);
INSERT INTO tags VALUES ('たかはし');
INSERT INTO tags VALUES ('タカハシ');
INSERT INTO tags VALUES ('たかなし');
CREATE INDEX pgrn_index ON tags
  USING pgroonga (name pgroonga_varchar_term_search_ops_v2)
  WITH (normalizers='NormalizerNFKC130("unify_kana", true)');
SET enable_seqscan = on;
SET enable_indexscan = off;
SET enable_bitmapscan = off;
\pset format unaligned
EXPLAIN (COSTS OFF)
SELECT name
  FROM tags
 WHERE name &^ ('タカハ', NULL, 'pgrn_index')::pgroonga_full_text_search_condition;
QUERY PLAN
Seq Scan on tags
  Filter: (name &^ '(タカハ,,pgrn_index)'::pgroonga_full_text_search_condition)
(2 rows)
\g |sed -r -e "s/('.+'|ROW.+)::pgroonga/pgroonga/g"
QUERY PLAN
Seq Scan on tags
  Filter: (name &^ pgroonga_full_text_search_condition)
(2 rows)
\pset format aligned
SELECT name
  FROM tags
 WHERE name &^ ('タカハ', NULL, 'pgrn_index')::pgroonga_full_text_search_condition;
   name   
----------
 たかはし
 タカハシ
(2 rows)

DROP TABLE tags;
