CREATE TABLE memos (
  content text[]
);
INSERT INTO memos
     VALUES (ARRAY['PostgreSQL is a RDBMS',
                   'Groonga is fast full text search engine',
                   'PGroonga is a PostgreSQL extension that uses Groonga']);
CREATE INDEX pgrn_content_index
    ON memos
 USING pgroonga (content pgroonga_text_array_regexp_ops_v2);
SET enable_seqscan = on;
SET enable_indexscan = off;
SET enable_bitmapscan = off;
EXPLAIN (COSTS OFF)
SELECT *
  FROM memos
 WHERE content &~ '';
           QUERY PLAN            
---------------------------------
 Seq Scan on memos
   Filter: (content &~ ''::text)
(2 rows)

SELECT *
  FROM memos
 WHERE content &~ '';
 content 
---------
(0 rows)

DROP TABLE memos;
