CREATE TABLE memos (
  title text,
  content text
);
CREATE INDEX pgrn_index ON memos
  USING pgroonga (title,
                  ('content0 ' || content),
                  ('content1 ' || content))
  WITH (normalizers = 'NormalizerNFKC130',
        normalizers_mapping = '{
	  "expr": "NormalizerNFKC130(\"unify_kana\", true)",
	  "expr1": "NormalizerNFKC130(\"unify_to_romaji\", true)"
	}');
\out null
SELECT
  'Lexicon' || 'pgrn_index'::regclass::oid || '_0' as title_lexicon_name,
  'Lexicon' || 'pgrn_index'::regclass::oid || '_1' as content0_lexicon_name,
  'Lexicon' || 'pgrn_index'::regclass::oid || '_2' as content1_lexicon_name;
\out
\gset
SELECT pgroonga_command('schema')::jsonb#>'{1,tables}'
         ->:'title_lexicon_name'
         #>'{command,arguments,normalizer}';
      ?column?       
---------------------
 "NormalizerNFKC130"
(1 row)

SELECT pgroonga_command('schema')::jsonb#>'{1,tables}'
         ->:'content0_lexicon_name'
         #>'{command,arguments,normalizer}';
                 ?column?                  
-------------------------------------------
 "NormalizerNFKC130(\"unify_kana\", true)"
(1 row)

SELECT pgroonga_command('schema')::jsonb#>'{1,tables}'
         ->:'content1_lexicon_name'
         #>'{command,arguments,normalizer}';
                    ?column?                    
------------------------------------------------
 "NormalizerNFKC130(\"unify_to_romaji\", true)"
(1 row)

DROP TABLE memos;
