CREATE TABLE tags (
  names text[]
);
INSERT INTO tags VALUES (ARRAY['PostgreSQL', 'PG']);
INSERT INTO tags VALUES (ARRAY['Groonga', 'grn']);
INSERT INTO tags VALUES (ARRAY['PGroonga', 'pgrn']);
CREATE INDEX pgrn_index ON tags
  USING pgroonga (names pgroonga.text_array_term_search_ops_v2);
SET enable_seqscan = off;
SET enable_indexscan = off;
SET enable_bitmapscan = on;
EXPLAIN (COSTS OFF)
SELECT names
  FROM tags
 WHERE names &^> ARRAY['gro', 'pos'];
                     QUERY PLAN                      
-----------------------------------------------------
 Bitmap Heap Scan on tags
   Recheck Cond: (names &^> '{gro,pos}'::text[])
   ->  Bitmap Index Scan on pgrn_index
         Index Cond: (names &^> '{gro,pos}'::text[])
(4 rows)

SELECT names
  FROM tags
 WHERE names &^> ARRAY['gro', 'pos'];
      names      
-----------------
 {PostgreSQL,PG}
 {Groonga,grn}
(2 rows)

DROP TABLE tags;
