CREATE TABLE memos (
  id integer,
  content text
);
INSERT INTO memos VALUES (1, 'PostgreSQL is a RDBMS.');
INSERT INTO memos VALUES (2, 'Groonga is fast full text search engine.');
INSERT INTO memos VALUES (3, 'PGroonga is a PostgreSQL extension that uses Groonga.');
CREATE INDEX pgrn_index ON memos
 USING pgroonga (content pgroonga_text_full_text_search_ops_v2);
SET enable_seqscan = off;
SET enable_indexscan = off;
SET enable_bitmapscan = on;
\pset format unaligned
EXPLAIN (COSTS OFF)
SELECT id, content, pgroonga_score(tableoid, ctid)
  FROM memos
 WHERE content &@~
       ('Groonga OR RDBMS -PGroonga',
        ARRAY[0],
        ARRAY['scorer_tf_at_most($index, 0.25)'],
        'pgrn_index')::pgroonga_full_text_search_condition_with_scorers
\g |sed -r -e "s/('.+'|ROW.+)::pgroonga/pgroonga/g"
QUERY PLAN
Bitmap Heap Scan on memos
  Recheck Cond: (content &@~ pgroonga_full_text_search_condition_with_scorers)
  ->  Bitmap Index Scan on pgrn_index
        Index Cond: (content &@~ pgroonga_full_text_search_condition_with_scorers)
(4 rows)
\pset format aligned
SELECT id, content, pgroonga_score(tableoid, ctid)
  FROM memos
 WHERE content &@~
       ('Groonga OR RDBMS -PGroonga',
        ARRAY[0],
        ARRAY['scorer_tf_at_most($index, 0.25)'],
        'pgrn_index')::pgroonga_full_text_search_condition_with_scorers;
 id | content | pgroonga_score 
----+---------+----------------
(0 rows)

DROP TABLE memos;
