CREATE TABLE memos (
  content varchar(256)
);
INSERT INTO memos VALUES ('りんご');
INSERT INTO memos VALUES ('リンゴ');
CREATE INDEX pgrn_index ON memos
 USING pgroonga (content pgroonga_varchar_full_text_search_ops_v2)
  WITH (normalizer = 'NormalizerNFKC100("unify_kana", true)');
SET enable_seqscan = off;
SET enable_indexscan = off;
SET enable_bitmapscan = on;
\pset format unaligned
EXPLAIN (COSTS OFF)
SELECT content, pgroonga_score(tableoid, ctid)
  FROM memos
 WHERE content &@
       ('りんご',
        ARRAY[5],
        'pgrn_index')::pgroonga_full_text_search_condition
\g |sed -r -e "s/('.+'|ROW.+)::pgroonga/pgroonga/g"
QUERY PLAN
Bitmap Heap Scan on memos
  Recheck Cond: (content &@ pgroonga_full_text_search_condition)
  ->  Bitmap Index Scan on pgrn_index
        Index Cond: (content &@ pgroonga_full_text_search_condition)
(4 rows)
\pset format aligned
SELECT content, pgroonga_score(tableoid, ctid)
  FROM memos
 WHERE content &@
       ('りんご',
        ARRAY[5],
        'pgrn_index')::pgroonga_full_text_search_condition;
 content | pgroonga_score 
---------+----------------
 りんご  |              5
 リンゴ  |              5
(2 rows)

DROP TABLE memos;
