CREATE TABLE memos (
  id integer,
  content text
);
INSERT INTO memos VALUES (1, 'PostgreSQL is a RDBMS.');
INSERT INTO memos VALUES (2, 'Groonga is fast full text search engine.');
INSERT INTO memos VALUES (3, 'PGroonga is a PostgreSQL extension that uses Groonga.');
CREATE INDEX pgrn_index ON memos
 USING pgroonga (content pgroonga_text_full_text_search_ops_v2);
SET enable_seqscan = off;
SET enable_indexscan = off;
SET enable_bitmapscan = on;
EXPLAIN (COSTS OFF)
SELECT id, content, pgroonga_score(tableoid, ctid)
  FROM memos
 WHERE content &@~ ROW('Groonga OR PostgreSQL -PGroonga', NULL, 'pgrn_index');
                                                     QUERY PLAN                                                      
---------------------------------------------------------------------------------------------------------------------
 Bitmap Heap Scan on memos
   Recheck Cond: (content &@~ ROW('Groonga OR PostgreSQL -PGroonga'::text, NULL::integer[], 'pgrn_index'::text))
   ->  Bitmap Index Scan on pgrn_index
         Index Cond: (content &@~ ROW('Groonga OR PostgreSQL -PGroonga'::text, NULL::integer[], 'pgrn_index'::text))
(4 rows)

SELECT id, content, pgroonga_score(tableoid, ctid)
  FROM memos
 WHERE content &@~ ROW('Groonga OR PostgreSQL -PGroonga', NULL, 'pgrn_index');
 id |                 content                  | pgroonga_score 
----+------------------------------------------+----------------
  1 | PostgreSQL is a RDBMS.                   |              1
  2 | Groonga is fast full text search engine. |              1
(2 rows)

DROP TABLE memos;
