SET pgroonga.enable_wal = yes;
CREATE TABLE memos (
  content text
);
CREATE TABLE tags (
  name text
);
INSERT INTO memos VALUES ('Groonga is fast!');
INSERT INTO tags VALUES ('Groonga');
CREATE INDEX pgrn_memos_index ON memos USING PGroonga (content);
CREATE INDEX pgrn_tags_index ON tags USING PGroonga (name);
INSERT INTO memos VALUES ('PGroonga is also fast!');
INSERT INTO tags VALUES ('PGroonga');
SELECT pgroonga_wal_set_applied_position('pgrn_memos_index', 0, 0);
 pgroonga_wal_set_applied_position 
-----------------------------------
 t
(1 row)

SELECT pgroonga_wal_set_applied_position('pgrn_tags_index', 0, 0);
 pgroonga_wal_set_applied_position 
-----------------------------------
 t
(1 row)

SELECT name, current_block, current_offset FROM pgroonga_wal_status();
       name       | current_block | current_offset 
------------------+---------------+----------------
 pgrn_memos_index |             0 |              0
 pgrn_tags_index  |             0 |              0
(2 rows)

SELECT pgroonga_wal_set_applied_position();
 pgroonga_wal_set_applied_position 
-----------------------------------
 t
(1 row)

SET enable_seqscan = off;
SET enable_indexscan = on;
SET enable_bitmapscan = off;
EXPLAIN (COSTS OFF)
SELECT *
  FROM memos
 WHERE content &@~ 'is';
                 QUERY PLAN                 
--------------------------------------------
 Index Scan using pgrn_memos_index on memos
   Index Cond: (content &@~ 'is'::text)
(2 rows)

SELECT *
  FROM memos
 WHERE content &@~ 'is';
        content         
------------------------
 Groonga is fast!
 PGroonga is also fast!
(2 rows)

EXPLAIN (COSTS OFF)
SELECT *
  FROM tags
 WHERE name &@~ 'Groonga OR PGroonga';
                      QUERY PLAN                      
------------------------------------------------------
 Index Scan using pgrn_tags_index on tags
   Index Cond: (name &@~ 'Groonga OR PGroonga'::text)
(2 rows)

SELECT *
  FROM tags
 WHERE name &@~ 'Groonga OR PGroonga';
   name   
----------
 Groonga
 PGroonga
(2 rows)

DROP TABLE tags;
DROP TABLE memos;
