SET pgroonga.enable_wal = yes;
CREATE TABLE memos (
  id integer,
  content text
) PARTITION BY RANGE (id);
CREATE TABLE memos_0_10
  PARTITION OF memos
  FOR VALUES FROM (0) TO (10);
CREATE TABLE memos_10_20
  PARTITION OF memos
  FOR VALUES FROM (10) TO (20);
CREATE TABLE memos_20_30
  PARTITION OF memos
  FOR VALUES FROM (20) TO (30);
INSERT INTO memos
  SELECT id, 'data: ' || id
    FROM generate_series(0, 29) AS id;
CREATE INDEX memos_fts ON memos USING pgroonga (content);
SELECT pgroonga_wal_set_applied_position(0, 0);
 pgroonga_wal_set_applied_position 
-----------------------------------
 t
(1 row)

SELECT name, current_block, current_offset FROM pgroonga_wal_status();
          name           | current_block | current_offset 
-------------------------+---------------+----------------
 memos_0_10_content_idx  |             0 |              0
 memos_10_20_content_idx |             0 |              0
 memos_20_30_content_idx |             0 |              0
(3 rows)

SELECT pgroonga_wal_set_applied_position();
 pgroonga_wal_set_applied_position 
-----------------------------------
 t
(1 row)

SET enable_seqscan = off;
SET enable_indexscan = on;
SET enable_bitmapscan = off;
EXPLAIN (COSTS OFF)
SELECT count(id)
  FROM memos
 WHERE content &@~ 'data 1*';
                                 QUERY PLAN                                  
-----------------------------------------------------------------------------
 Aggregate
   ->  Append
         ->  Index Scan using memos_0_10_content_idx on memos_0_10 memos_1
               Index Cond: (content &@~ 'data 1*'::text)
         ->  Index Scan using memos_10_20_content_idx on memos_10_20 memos_2
               Index Cond: (content &@~ 'data 1*'::text)
         ->  Index Scan using memos_20_30_content_idx on memos_20_30 memos_3
               Index Cond: (content &@~ 'data 1*'::text)
(8 rows)

SELECT count(id)
  FROM memos
 WHERE content &@~ 'data 1*';
 count 
-------
    11
(1 row)

DROP TABLE memos;
