SET pgroonga.enable_wal = yes;
CREATE TABLE memos (
  content text
);
INSERT INTO memos VALUES ('Groonga is fast!');
CREATE INDEX pgrn_index ON memos USING PGroonga (content);
SELECT current_block, current_offset FROM pgroonga_wal_status() \gset
INSERT INTO memos VALUES ('PGroonga is also fast!');
SELECT pgroonga_wal_set_applied_position('pgrn_index', :current_block, :current_offset);
 pgroonga_wal_set_applied_position 
-----------------------------------
 t
(1 row)

SELECT pgroonga_wal_set_applied_position('pgrn_index');
 pgroonga_wal_set_applied_position 
-----------------------------------
 t
(1 row)

SELECT pgroonga_command('delete',
                        ARRAY[
                          'table', pgroonga_table_name('pgrn_index'),
                          'id', '2'
                        ])::jsonb->>1;
 ?column? 
----------
 true
(1 row)

SET enable_seqscan = off;
SET enable_indexscan = on;
SET enable_bitmapscan = off;
EXPLAIN (COSTS OFF)
SELECT *
  FROM memos
 WHERE content &@~ 'is';
               QUERY PLAN               
----------------------------------------
 Index Scan using pgrn_index on memos
   Index Cond: (content &@~ 'is'::text)
(2 rows)

SELECT *
  FROM memos
 WHERE content &@~ 'is';
     content      
------------------
 Groonga is fast!
(1 row)

DROP TABLE memos;
