CREATE TABLE tags (
  name text PRIMARY KEY
);
CREATE TABLE readings (
  katakana text PRIMARY KEY
);
CREATE TABLE tags_readings (
  tag_name text
    REFERENCES tags ON DELETE CASCADE ON UPDATE CASCADE,
  reading_katakana text
    REFERENCES readings ON DELETE CASCADE ON UPDATE CASCADE,
  PRIMARY KEY (tag_name, reading_katakana)
);
INSERT INTO tags VALUES ('PostgreSQL');
INSERT INTO tags VALUES ('Groonga');
INSERT INTO tags VALUES ('PGroonga');
INSERT INTO tags VALUES ('pglogical');
INSERT INTO readings VALUES ('ポストグレスキューエル');
INSERT INTO readings VALUES ('ポスグレ');
INSERT INTO readings VALUES ('グルンガ');
INSERT INTO readings VALUES ('ピージールンガ');
INSERT INTO readings VALUES ('ピージーロジカル');
INSERT INTO tags_readings VALUES ('PostgreSQL', 'ポストグレスキューエル');
INSERT INTO tags_readings VALUES ('PostgreSQL', 'ポスグレ');
INSERT INTO tags_readings VALUES ('Groonga', 'グルンガ');
INSERT INTO tags_readings VALUES ('PGroonga', 'ピージールンガ');
INSERT INTO tags_readings VALUES ('pglogical', 'ピージーロジカル');
SET enable_seqscan = on;
SET enable_indexscan = off;
SET enable_bitmapscan = off;
SELECT name, katakana
  FROM tags LEFT JOIN tags_readings
                        INNER JOIN readings
                          ON tags_readings.reading_katakana = readings.katakana
             ON tags.name = tags_readings.tag_name
 WHERE tags.name &^ 'Groon' OR
       readings.katakana &^~ 'posu';
    name    |        katakana        
------------+------------------------
 PostgreSQL | ポストグレスキューエル
 PostgreSQL | ポスグレ
 Groonga    | グルンガ
(3 rows)

DROP TABLE tags_readings;
DROP TABLE readings;
DROP TABLE tags;
