CREATE TABLE tags (
  id int,
  name text
);
INSERT INTO tags VALUES (1, 'PostgreSQL');
INSERT INTO tags VALUES (2, 'Groonga');
INSERT INTO tags VALUES (3, 'PGroonga');
INSERT INTO tags VALUES (4, 'pglogical');
CREATE INDEX pgroonga_index ON tags
  USING pgroonga (name pgroonga_text_term_search_ops_v2);
SET enable_seqscan = off;
SET enable_indexscan = on;
SET enable_bitmapscan = off;
EXPLAIN (COSTS OFF)
SELECT name
  FROM tags
 WHERE name &^ 'p' and not
       name &^| ARRAY['gro', 'pos']
 ORDER BY id;
                                  QUERY PLAN                                   
-------------------------------------------------------------------------------
 Sort
   Sort Key: id
   ->  Index Scan using pgroonga_index on tags
         Index Cond: ((name &^ 'p'::text) AND (name !&^| '{gro,pos}'::text[]))
(4 rows)

SELECT name
  FROM tags
 WHERE name &^ 'p' and not
       name &^| ARRAY['gro', 'pos']
 ORDER BY id;
   name    
-----------
 PGroonga
 pglogical
(2 rows)

DROP TABLE tags;
