CREATE TABLE logs (
  id int,
  record jsonb
);
INSERT INTO logs VALUES (1, '[]');
INSERT INTO logs VALUES (2, '[100]');
INSERT INTO logs VALUES (3, '["hello"]');
INSERT INTO logs VALUES (4, '[true]');
INSERT INTO logs VALUES (5, '[{"object": "value"}]');
INSERT INTO logs VALUES (6, '{"object": []}');
CREATE INDEX pgroonga_index ON logs
  USING pgroonga (record pgroonga_jsonb_ops_v2);
SET enable_seqscan = off;
SET enable_indexscan = on;
SET enable_bitmapscan = off;
EXPLAIN (COSTS OFF)
SELECT id, record
  FROM logs
 WHERE record @> '[]'::jsonb
 ORDER BY id;
                  QUERY PLAN                   
-----------------------------------------------
 Sort
   Sort Key: id
   ->  Index Scan using pgroonga_index on logs
         Index Cond: (record @> '[]'::jsonb)
(4 rows)

SELECT id, record
  FROM logs
 WHERE record @> '[]'::jsonb
 ORDER BY id;
 id |        record         
----+-----------------------
  1 | []
  2 | [100]
  3 | ["hello"]
  4 | [true]
  5 | [{"object": "value"}]
(5 rows)

DROP TABLE logs;
