CREATE TABLE logs (
  id int,
  record jsonb
);
INSERT INTO logs
     VALUES (1, '{"body": {"values": [100, "Hello", true]}}');
INSERT INTO logs
     VALUES (2, '{"values": [100, "Hello", true]}');
INSERT INTO logs
     VALUES (3, '{"body": {"values": [100, "Hello", true, "World"]}}');
CREATE INDEX pgroonga_index ON logs
  USING pgroonga (record pgroonga_jsonb_ops_v2);
SET enable_seqscan = off;
SET enable_indexscan = on;
SET enable_bitmapscan = off;
EXPLAIN (COSTS OFF)
SELECT id, record
  FROM logs
 WHERE record @> '{"body": {"values": ["Hello", true, 100]}}'::jsonb
 ORDER BY id;
                                     QUERY PLAN                                      
-------------------------------------------------------------------------------------
 Sort
   Sort Key: id
   ->  Index Scan using pgroonga_index on logs
         Index Cond: (record @> '{"body": {"values": ["Hello", true, 100]}}'::jsonb)
(4 rows)

SELECT id, record
  FROM logs
 WHERE record @> '{"body": {"values": ["Hello", true, 100]}}'::jsonb
 ORDER BY id;
 id |                       record                        
----+-----------------------------------------------------
  1 | {"body": {"values": [100, "Hello", true]}}
  3 | {"body": {"values": [100, "Hello", true, "World"]}}
(2 rows)

DROP TABLE logs;
