-- Only test when `PGRN_LANGUAGE_MODEL_TEST` is set.
\getenv language_model_test PGRN_LANGUAGE_MODEL_TEST
SELECT NOT :{?language_model_test} AS omit \gset
\if :omit
  \quit
\endif
CREATE TABLE memos (
  id integer,
  content text
);
INSERT INTO memos VALUES (1, 'PostgreSQL is a RDBMS.');
INSERT INTO memos VALUES (2, 'Groonga is fast full text search engine.');
INSERT INTO memos VALUES (3, 'PGroonga is a PostgreSQL extension that uses Groonga.');
CREATE INDEX pgrn_index ON memos
 USING pgroonga (content pgroonga_text_semantic_search_ops_v2)
 WITH (plugins = 'language_model/knn',
       model = 'hf:///groonga/all-MiniLM-L6-v2-Q4_K_M-GGUF');
SET enable_seqscan = off;
SET enable_indexscan = on;
SET enable_bitmapscan = off;
EXPLAIN (COSTS OFF)
SELECT id, content
  FROM memos
 ORDER BY content <&@*> pgroonga_condition('What is a MySQL alternative?');
                                        QUERY PLAN                                        
------------------------------------------------------------------------------------------
 Index Scan using pgrn_index on memos
   Order By: (content <&@*> '("What is a MySQL alternative?",,,,,,)'::pgroonga_condition)
(2 rows)

SELECT id, content
  FROM memos
 ORDER BY content <&@*> pgroonga_condition('What is a MySQL alternative?');
 id |                        content                        
----+-------------------------------------------------------
  2 | Groonga is fast full text search engine.
  3 | PGroonga is a PostgreSQL extension that uses Groonga.
  1 | PostgreSQL is a RDBMS.
(3 rows)

DROP TABLE memos;
