-- Only test when `PGRN_LANGUAGE_MODEL_TEST` is set.
\getenv language_model_test PGRN_LANGUAGE_MODEL_TEST
SELECT NOT :{?language_model_test} AS omit \gset
\if :omit
  \quit
\endif
CREATE TABLE memos (
  id integer,
  content text
);
INSERT INTO memos VALUES (1, 'PostgreSQL is a RDBMS.');
INSERT INTO memos VALUES (2, 'Groonga is fast full text search engine.');
INSERT INTO memos VALUES (3, 'PGroonga is a PostgreSQL extension that uses Groonga.');
CREATE INDEX pgrn_index ON memos
 USING pgroonga (id, content pgroonga_text_semantic_search_ops_v2)
 WITH (plugins = 'language_model/knn',
       model = 'hf:///groonga/multilingual-e5-base-Q4_K_M-GGUF');
SET enable_seqscan = off;
SET enable_indexscan = on;
SET enable_bitmapscan = off;
EXPLAIN (COSTS OFF)
SELECT id, content
  FROM memos
 WHERE id > 0
 ORDER BY content <&@*> pgroonga_condition('What is a MySQL alternative?')
 LIMIT 2;
                                           QUERY PLAN                                           
------------------------------------------------------------------------------------------------
 Limit
   ->  Index Scan using pgrn_index on memos
         Index Cond: (id > 0)
         Order By: (content <&@*> '("What is a MySQL alternative?",,,,,,)'::pgroonga_condition)
(4 rows)

SELECT id, content
  FROM memos
 WHERE id > 0
 ORDER BY content <&@*> pgroonga_condition('What is a MySQL alternative?')
 LIMIT 2;
 id |                        content                        
----+-------------------------------------------------------
  3 | PGroonga is a PostgreSQL extension that uses Groonga.
  1 | PostgreSQL is a RDBMS.
(2 rows)

DROP TABLE memos;
