CREATE TABLE memos (
  title text,
  contents text[]
);
INSERT INTO memos
     VALUES ('PostgreSQL',
             ARRAY['PostgreSQL is an OSS RDBMS',
                   'PostgreSQL has partial full-text search support']);
INSERT INTO memos
     VALUES ('Groonga', ARRAY['Groonga is an OSS full-text search engine',
                              'Groonga has full full-text search support']);
INSERT INTO memos
    VALUES ('PGroonga',
            ARRAY['PGroonga is an OSS PostgreSQL extension',
                  'PGroonga adds full full-text search support based on Groonga to PostgreSQL']);
INSERT INTO memos
    VALUES ('empty',
            ARRAY[]::text[]);
CREATE INDEX pgroonga_memos_index ON memos
  USING pgroonga (contents pgroonga_text_array_full_text_search_ops_v2);
SET enable_seqscan = on;
SET enable_indexscan = off;
SET enable_bitmapscan = off;
SELECT title, contents
  FROM memos
 WHERE contents &@ 'Groonga';
  title   |                                                         contents                                                         
----------+--------------------------------------------------------------------------------------------------------------------------
 Groonga  | {"Groonga is an OSS full-text search engine","Groonga has full full-text search support"}
 PGroonga | {"PGroonga is an OSS PostgreSQL extension","PGroonga adds full full-text search support based on Groonga to PostgreSQL"}
(2 rows)

DROP TABLE memos;
