CREATE TABLE tags (
  names varchar[]
);
INSERT INTO tags VALUES (ARRAY['PostgreSQL', 'PG']);
INSERT INTO tags VALUES (ARRAY['Groonga', 'grn']);
INSERT INTO tags VALUES (ARRAY['PGroonga', 'pgrn']);
INSERT INTO tags VALUES (ARRAY[]::varchar[]);
CREATE INDEX pgrn_index ON tags
  USING pgroonga (names)
  WITH (normalizers='NormalizerNFKC130("remove_symbol", true)');
SET enable_seqscan = off;
SET enable_indexscan = off;
SET enable_bitmapscan = on;
\pset format unaligned
EXPLAIN (COSTS OFF)
SELECT names
  FROM tags
 WHERE names &^ pgroonga_condition('-p_G', index_name => 'pgrn_index')
\g |sed -r -e "s/('.+'|ROW.+)::pgroonga/pgroonga/g"
QUERY PLAN
Bitmap Heap Scan on tags
  Recheck Cond: (names &^ pgroonga_condition)
  ->  Bitmap Index Scan on pgrn_index
        Index Cond: (names &^ pgroonga_condition)
(4 rows)
\pset format aligned
SELECT names
  FROM tags
 WHERE names &^ pgroonga_condition('-p_G', index_name => 'pgrn_index');
      names      
-----------------
 {PostgreSQL,PG}
 {PGroonga,pgrn}
(2 rows)

DROP TABLE tags;
