CREATE TABLE memos (
  id integer,
  content varchar(256)
);
INSERT INTO memos VALUES (1, 'PostgreSQL is a RDBMS.');
INSERT INTO memos VALUES (2, 'Groonga is fast full text search engine.');
INSERT INTO memos VALUES (3, 'PGroonga is a PostgreSQL extension that uses Groonga.');
CREATE INDEX grnindex ON memos
  USING pgroonga (content pgroonga_varchar_regexp_ops);
SET enable_seqscan = off;
SET enable_indexscan = off;
SET enable_bitmapscan = on;
EXPLAIN (COSTS OFF)
SELECT id, content
  FROM memos
 WHERE content &~ '\Agroonga';
                           QUERY PLAN                            
-----------------------------------------------------------------
 Bitmap Heap Scan on memos
   Recheck Cond: (content &~ '\Agroonga'::character varying)
   ->  Bitmap Index Scan on grnindex
         Index Cond: (content &~ '\Agroonga'::character varying)
(4 rows)

SELECT id, content
  FROM memos
 WHERE content &~ '\Agroonga';
 id |                 content                  
----+------------------------------------------
  2 | Groonga is fast full text search engine.
(1 row)

DROP TABLE memos;
