SET search_path = "$user",public,pgroonga,pg_catalog;
CREATE TABLE memos (
  id integer,
  content varchar(256)
);
INSERT INTO memos VALUES (1, 'PostgreSQL is a RDBMS.');
INSERT INTO memos VALUES (2, 'Groonga is fast full text search engine.');
INSERT INTO memos VALUES (3, 'PGroonga is a PostgreSQL extension that uses Groonga.');
CREATE INDEX grnindex ON memos
 USING pgroonga (content pgroonga.varchar_full_text_search_ops);
SET enable_seqscan = on;
SET enable_indexscan = off;
SET enable_bitmapscan = off;
SELECT id, content
  FROM memos
 WHERE content &@~ 'rdbms OR engine';
 id |                 content                  
----+------------------------------------------
  1 | PostgreSQL is a RDBMS.
  2 | Groonga is fast full text search engine.
(2 rows)

DROP TABLE memos;
