CREATE TABLE normalizations (
  target text,
  normalized text
);
CREATE INDEX pgrn_normalizations_index ON normalizations
 USING pgroonga (target pgroonga_text_term_search_ops_v2,
                 normalized);
INSERT INTO normalizations VALUES ('ぐ', 'く');
INSERT INTO normalizations VALUES ('が', 'か');
CREATE TABLE memos (
  content text
);
INSERT INTO memos VALUES ('グルンガ');
CREATE INDEX pgrn_index ON memos
 USING pgroonga (content)
  WITH (normalizers =
          'NormalizerNFKC130("unify_kana", true),
           NormalizerTable("normalized",
                           "${table:public.pgrn_normalizations_index}.normalized",
                           "target", "target")');
SELECT jsonb_pretty(
  pgroonga_command('table_tokenize',
                   ARRAY[
                     'table', 'Lexicon' || 'pgrn_index'::regclass::oid || '_0',
                     'string', 'グルンガ',
                     'mode', 'GET',
                     'command_version', '3'
                   ])::jsonb->'body'
);
             jsonb_pretty             
--------------------------------------
 [                                   +
     {                               +
         "value": "くる",            +
         "position": 0,              +
         "force_prefix": false,      +
         "force_prefix_search": false+
     },                              +
     {                               +
         "value": "るん",            +
         "position": 1,              +
         "force_prefix": false,      +
         "force_prefix_search": false+
     },                              +
     {                               +
         "value": "んか",            +
         "position": 2,              +
         "force_prefix": false,      +
         "force_prefix_search": false+
     }                               +
 ]
(1 row)

DROP TABLE normalizations;
DROP TABLE memos;
