CREATE TABLE tags (
  id int,
  name varchar
);
INSERT INTO tags VALUES (1, 'PostgreSQL');
INSERT INTO tags VALUES (2, 'Groonga');
INSERT INTO tags VALUES (3, 'groonga');
INSERT INTO tags VALUES (4, 'PGroonga');
CREATE INDEX pgrn_index ON tags
  USING pgroonga (name pgroonga_varchar_term_search_ops_v2);
SET enable_seqscan = off;
SET enable_indexscan = off;
SET enable_bitmapscan = on;
\pset format unaligned
EXPLAIN (COSTS OFF)
SELECT name
  FROM tags
 WHERE name &= ('groonga', NULL, 'pgrn_index')::pgroonga_full_text_search_condition
 ORDER BY id;
QUERY PLAN
Sort
  Sort Key: id
  ->  Bitmap Heap Scan on tags
        Recheck Cond: (name &= '(groonga,,pgrn_index)'::pgroonga_full_text_search_condition)
        ->  Bitmap Index Scan on pgrn_index
              Index Cond: (name &= '(groonga,,pgrn_index)'::pgroonga_full_text_search_condition)
(6 rows)
\g |sed -r -e "s/('.+'|ROW.+)::pgroonga/pgroonga/g"
QUERY PLAN
Sort
  Sort Key: id
  ->  Bitmap Heap Scan on tags
        Recheck Cond: (name &= pgroonga_full_text_search_condition)
        ->  Bitmap Index Scan on pgrn_index
              Index Cond: (name &= pgroonga_full_text_search_condition)
(6 rows)
\pset format aligned
SELECT name
  FROM tags
 WHERE name &= ('groonga', NULL, 'pgrn_index')::pgroonga_full_text_search_condition
 ORDER BY id;
  name   
---------
 Groonga
 groonga
(2 rows)

DROP TABLE tags;
