CREATE TABLE memos (
  id integer,
  content text
);
INSERT INTO memos VALUES (1, 'PostgreSQL');
INSERT INTO memos VALUES (2, 'Groonga');
INSERT INTO memos VALUES (3, 'PGroonga');
INSERT INTO memos VALUES (4, 'groonga');
CREATE INDEX grnindex ON memos
  USING pgroonga (content pgroonga.text_regexp_ops_v2);
SET enable_seqscan = off;
SET enable_indexscan = on;
SET enable_bitmapscan = off;
EXPLAIN (COSTS OFF)
SELECT id, content
  FROM memos
 WHERE content ILIKE 'GROONGA';
                 QUERY PLAN                  
---------------------------------------------
 Index Scan using grnindex on memos
   Index Cond: (content ~~* 'GROONGA'::text)
(2 rows)

SELECT id, content
  FROM memos
 WHERE content ILIKE 'GROONGA';
 id | content 
----+---------
  2 | Groonga
  4 | groonga
(2 rows)

DROP TABLE memos;
