CREATE TABLE tags (
  names varchar[]
);
INSERT INTO tags VALUES (ARRAY['PostgreSQL', 'PG']);
INSERT INTO tags VALUES (ARRAY['Groonga', 'grn', 'groonga']);
INSERT INTO tags VALUES (ARRAY['PGroonga', 'pgrn', 'sql']);
CREATE INDEX pgroonga_index ON tags
  USING pgroonga (names pgroonga_varchar_array_term_search_ops_v2);
SET enable_seqscan = off;
SET enable_indexscan = off;
SET enable_bitmapscan = on;
EXPLAIN (COSTS OFF)
SELECT names
  FROM tags
 WHERE names &=~ ('grn OR sql', NULL, 'pgroonga_index')::pgroonga_full_text_search_condition;
                                              QUERY PLAN                                               
-------------------------------------------------------------------------------------------------------
 Bitmap Heap Scan on tags
   Recheck Cond: (names &=~ '("grn OR sql",,pgroonga_index)'::pgroonga_full_text_search_condition)
   ->  Bitmap Index Scan on pgroonga_index
         Index Cond: (names &=~ '("grn OR sql",,pgroonga_index)'::pgroonga_full_text_search_condition)
(4 rows)

SELECT names
  FROM tags
 WHERE names &=~ ('grn OR sql', NULL, 'pgroonga_index')::pgroonga_full_text_search_condition;
         names         
-----------------------
 {Groonga,grn,groonga}
 {PGroonga,pgrn,sql}
(2 rows)

DROP TABLE tags;
