CREATE TABLE tags (
  names varchar[]
);
INSERT INTO tags VALUES (ARRAY['PostgreSQL', 'PG']);
INSERT INTO tags VALUES (ARRAY['Groonga', 'grn', 'groonga']);
INSERT INTO tags VALUES (ARRAY['PGroonga', 'pgrn', 'SQL']);
CREATE INDEX pgroonga_index ON tags
  USING pgroonga (names pgroonga_varchar_array_term_search_ops_v2);
SET enable_seqscan = off;
SET enable_indexscan = on;
SET enable_bitmapscan = off;
EXPLAIN (COSTS OFF)
SELECT names
  FROM tags
 WHERE names &=~ ('grn OR sql', NULL, 'pgroonga_index')::pgroonga_full_text_search_condition;
                                           QUERY PLAN                                            
-------------------------------------------------------------------------------------------------
 Index Scan using pgroonga_index on tags
   Index Cond: (names &=~ '("grn OR sql",,pgroonga_index)'::pgroonga_full_text_search_condition)
(2 rows)

SELECT names
  FROM tags
 WHERE names &=~ ('grn OR sql', NULL, 'pgroonga_index')::pgroonga_full_text_search_condition;
         names         
-----------------------
 {Groonga,grn,groonga}
 {PGroonga,pgrn,SQL}
(2 rows)

DROP TABLE tags;
