CREATE TABLE readings (
  id integer,
  user_name text,
  katakana text
);
CREATE USER alice NOLOGIN;
GRANT ALL ON TABLE readings TO alice;
INSERT INTO readings VALUES (1, 'nonexistent', 'ポストグレスキューエル');
INSERT INTO readings VALUES (2, 'alice', 'グルンガ');
INSERT INTO readings VALUES (3, 'alice', 'ピージールンガ');
INSERT INTO readings VALUES (4, 'alice', 'ピージーロジカル');
ALTER TABLE readings ENABLE ROW LEVEL SECURITY;
CREATE POLICY readings_myself ON readings USING (user_name = current_user);
CREATE INDEX pgrn_index ON readings
 USING pgroonga (katakana pgroonga_text_term_search_ops_v2);
SET enable_seqscan = off;
SET enable_indexscan = on;
SET enable_bitmapscan = off;
SET SESSION AUTHORIZATION alice;
EXPLAIN (COSTS OFF)
SELECT katakana
  FROM readings
 WHERE katakana &^~| ARRAY['po', 'gu']
 ORDER BY id;
                      QUERY PLAN                       
-------------------------------------------------------
 Sort
   Sort Key: id
   ->  Index Scan using pgrn_index on readings
         Index Cond: (katakana &^~| '{po,gu}'::text[])
         Filter: (user_name = CURRENT_USER)
(5 rows)

SELECT katakana
  FROM readings
 WHERE katakana &^~| ARRAY['po', 'gu']
 ORDER BY id;
 katakana 
----------
 グルンガ
(1 row)

RESET SESSION AUTHORIZATION;
DROP TABLE readings;
DROP USER alice;
