CREATE TABLE fruits (
  id int,
  items jsonb
);
INSERT INTO fruits VALUES (1, '{"apple":  true}');
INSERT INTO fruits VALUES (2, '{"banana": false}');
INSERT INTO fruits VALUES (3, '{"peach":  true}');
CREATE INDEX pgroonga_index ON fruits
  USING pgroonga (items pgroonga_jsonb_ops);
SET enable_seqscan = off;
SET enable_indexscan = on;
SET enable_bitmapscan = off;
SELECT id, items
  FROM fruits
 WHERE items @@ 'boolean == true'
 ORDER BY id;
 id |      items      
----+-----------------
  1 | {"apple": true}
  3 | {"peach": true}
(2 rows)

DROP TABLE fruits;
