CREATE TABLE memos (
  content text
);
INSERT INTO memos VALUES ('りんご');
INSERT INTO memos VALUES ('リンゴ');
CREATE INDEX pgrn_index ON memos
 USING pgroonga (content pgroonga_text_full_text_search_ops_v2)
  WITH (normalizer = 'NormalizerNFKC100("unify_kana", true)');
SET enable_seqscan = off;
SET enable_indexscan = on;
SET enable_bitmapscan = off;
EXPLAIN (COSTS OFF)
SELECT content, pgroonga_score(tableoid, ctid)
  FROM memos
 WHERE content &@
       ('りんご',
        ARRAY[5],
        'pgrn_index')::pgroonga_full_text_search_condition;
                                                        QUERY PLAN                                                         
---------------------------------------------------------------------------------------------------------------------------
 Index Scan using pgrn_index on memos
   Index Cond: (content &@ ROW('りんご'::text, '{5}'::integer[], 'pgrn_index'::text)::pgroonga_full_text_search_condition)
(2 rows)

SELECT content, pgroonga_score(tableoid, ctid)
  FROM memos
 WHERE content &@
       ('りんご',
        ARRAY[5],
        'pgrn_index')::pgroonga_full_text_search_condition;
 content | pgroonga_score 
---------+----------------
 りんご  |              5
 リンゴ  |              5
(2 rows)

DROP TABLE memos;
