CREATE TABLE memos (
  title text,
  text text[]
);
INSERT INTO memos
     VALUES ('PostgreSQL',
             ARRAY['PostgreSQL is an OSS RDBMS',
                   'PostgreSQL has partial full-text search support']);
INSERT INTO memos
     VALUES ('Groonga', ARRAY['Groonga is an OSS full-text search engine',
                              'Groonga has full full-text search support']);
INSERT INTO memos
    VALUES ('PGroonga',
            ARRAY['PGroonga is an OSS PostgreSQL extension',
                  'PGroonga adds full full-text search support based on Groonga to PostgreSQL']);
CREATE INDEX pgroonga_memos_index ON memos
  USING pgroonga (text pgroonga.text_array_full_text_search_ops_v2);
SET enable_seqscan = on;
SET enable_indexscan = off;
SET enable_bitmapscan = off;
SELECT title, text
  FROM memos
 WHERE text &` 'text @ "rdbms" || text @ "engine"';
ERROR:  pgroonga: [script][text-array] script syntax search is available only in index scan
DROP TABLE memos;
