CREATE TABLE memos (
  id integer,
  content varchar(256)
);
INSERT INTO memos VALUES (1, 'PostgreSQL is a RDBMS.');
INSERT INTO memos VALUES (2, 'Groonga is fast full text search engine.');
INSERT INTO memos VALUES (3, 'PGroonga is a PostgreSQL extension that uses Groonga.');
CREATE INDEX pgrn_index ON memos
 USING pgroonga (content pgroonga_varchar_full_text_search_ops_v2);
SET enable_seqscan = off;
SET enable_indexscan = off;
SET enable_bitmapscan = on;
EXPLAIN (COSTS OFF)
SELECT id, content
  FROM memos
 WHERE content &@| Array['rdbms', 'engine']::varchar[];
                               QUERY PLAN                                
-------------------------------------------------------------------------
 Bitmap Heap Scan on memos
   Recheck Cond: (content &@| '{rdbms,engine}'::character varying[])
   ->  Bitmap Index Scan on pgrn_index
         Index Cond: (content &@| '{rdbms,engine}'::character varying[])
(4 rows)

SELECT id, content
  FROM memos
 WHERE content &@| Array['rdbms', 'engine']::varchar[];
 id |                 content                  
----+------------------------------------------
  1 | PostgreSQL is a RDBMS.
  2 | Groonga is fast full text search engine.
(2 rows)

DROP TABLE memos;
