CREATE TABLE fruits (
  id int,
  items jsonb
);
INSERT INTO fruits VALUES (1, '{"apple":  100}');
INSERT INTO fruits VALUES (2, '{"banana":  30}');
INSERT INTO fruits VALUES (3, '{"peach":  150}');
CREATE INDEX pgroonga_index ON fruits
  USING pgroonga (items pgroonga.jsonb_ops_v2);
SET enable_seqscan = off;
SET enable_indexscan = off;
SET enable_bitmapscan = on;
EXPLAIN (COSTS OFF)
SELECT id, items
  FROM fruits
 WHERE items &` 'type == "number" && number <= 100'
 ORDER BY id;
                                   QUERY PLAN                                   
--------------------------------------------------------------------------------
 Sort
   Sort Key: id
   ->  Bitmap Heap Scan on fruits
         Recheck Cond: (items &` 'type == "number" && number <= 100'::text)
         ->  Bitmap Index Scan on pgroonga_index
               Index Cond: (items &` 'type == "number" && number <= 100'::text)
(6 rows)

SELECT id, items
  FROM fruits
 WHERE items &` 'type == "number" && number <= 100'
 ORDER BY id;
 id |     items      
----+----------------
  1 | {"apple": 100}
  2 | {"banana": 30}
(2 rows)

DROP TABLE fruits;
