CREATE TABLE tags (
  id int,
  name text
);
INSERT INTO tags VALUES (1, 'PostgreSQL');
INSERT INTO tags VALUES (2, 'Groonga');
INSERT INTO tags VALUES (3, 'groonga');
INSERT INTO tags VALUES (4, 'PGroonga');
CREATE INDEX pgrn_index ON tags
  USING pgroonga (name pgroonga_text_term_search_ops_v2);
SET enable_seqscan = off;
SET enable_indexscan = off;
SET enable_bitmapscan = on;
EXPLAIN (COSTS OFF)
SELECT name
  FROM tags
 WHERE name &= 'groonga' OR name &= 'pgroonga'
 ORDER BY id;
                                   QUERY PLAN                                    
---------------------------------------------------------------------------------
 Sort
   Sort Key: id
   ->  Bitmap Heap Scan on tags
         Recheck Cond: ((name &= 'groonga'::text) OR (name &= 'pgroonga'::text))
         ->  BitmapOr
               ->  Bitmap Index Scan on pgrn_index
                     Index Cond: (name &= 'groonga'::text)
               ->  Bitmap Index Scan on pgrn_index
                     Index Cond: (name &= 'pgroonga'::text)
(9 rows)

SELECT name
  FROM tags
 WHERE name &= 'groonga' OR name &= 'pgroonga'
 ORDER BY id;
   name   
----------
 Groonga
 groonga
 PGroonga
(3 rows)

DROP TABLE tags;
