CREATE TABLE logs (
  id int,
  record jsonb
);
INSERT INTO logs VALUES (1, '{"message": "Hello World"}');
INSERT INTO logs VALUES (2, '{"message": "This is a pen"}');
INSERT INTO logs VALUES (3, '{"message": "Good-by World"}');
CREATE INDEX pgroonga_index ON logs
 USING pgroonga (record pgroonga_jsonb_ops_v2)
  WITH (tokenizer = '');
SET enable_seqscan = off;
SET enable_indexscan = on;
SET enable_bitmapscan = off;
EXPLAIN (COSTS OFF)
SELECT id, record
  FROM logs
 WHERE record &` 'string @ "world"'
 ORDER BY id;
                        QUERY PLAN                        
----------------------------------------------------------
 Sort
   Sort Key: id
   ->  Index Scan using pgroonga_index on logs
         Index Cond: (record &` 'string @ "world"'::text)
(4 rows)

SELECT id, record
  FROM logs
 WHERE record &` 'string @ "world"'
 ORDER BY id;
 id | record 
----+--------
(0 rows)

EXPLAIN (COSTS OFF)
SELECT id, record
  FROM logs
 WHERE record &` 'string == "Hello World"'
 ORDER BY id;
                           QUERY PLAN                            
-----------------------------------------------------------------
 Sort
   Sort Key: id
   ->  Index Scan using pgroonga_index on logs
         Index Cond: (record &` 'string == "Hello World"'::text)
(4 rows)

SELECT id, record
  FROM logs
 WHERE record &` 'string == "Hello World"'
 ORDER BY id;
 id |           record           
----+----------------------------
  1 | {"message": "Hello World"}
(1 row)

DROP TABLE logs;
