CREATE TABLE memos (
  id integer,
  content varchar(256)
);
INSERT INTO memos VALUES (1, 'PostgreSQL');
INSERT INTO memos VALUES (2, 'Groonga');
INSERT INTO memos VALUES (3, 'PGroonga');
CREATE INDEX grnindex ON memos
  USING pgroonga (content pgroonga_varchar_regexp_ops_v2);
SET enable_seqscan = off;
SET enable_indexscan = off;
SET enable_bitmapscan = on;
EXPLAIN (COSTS OFF)
SELECT id, content
  FROM memos
 WHERE content @~ '\Agroonga\z';
                            QUERY PLAN                             
-------------------------------------------------------------------
 Bitmap Heap Scan on memos
   Recheck Cond: (content @~ '\Agroonga\z'::character varying)
   ->  Bitmap Index Scan on grnindex
         Index Cond: (content @~ '\Agroonga\z'::character varying)
(4 rows)

SELECT id, content
  FROM memos
 WHERE content @~ '\Agroonga\z';
 id | content 
----+---------
  2 | Groonga
(1 row)

DROP TABLE memos;
