CREATE TABLE memos (
  id integer,
  user_name text,
  content text
);
CREATE USER alice NOLOGIN;
GRANT ALL ON TABLE memos TO alice;
INSERT INTO memos VALUES
  (1, 'nonexistent', 'PostgreSQL is a RDBMS.');
INSERT INTO memos VALUES
  (2, 'alice', 'Groonga is fast full text search engine.');
INSERT INTO memos VALUES
  (3, 'alice', 'PGroonga is a PostgreSQL extension that uses Groonga.');
ALTER TABLE memos ENABLE ROW LEVEL SECURITY;
CREATE POLICY memos_myself ON memos USING (user_name = current_user);
CREATE INDEX pgrn_index ON memos
 USING pgroonga (content pgroonga_text_full_text_search_ops_v2);
SET enable_seqscan = off;
SET enable_indexscan = off;
SET enable_bitmapscan = on;
SET SESSION AUTHORIZATION alice;
EXPLAIN (COSTS OFF)
SELECT id, content
  FROM memos
 WHERE content &@~ 'rdbms OR engine';
                        QUERY PLAN                         
-----------------------------------------------------------
 Bitmap Heap Scan on memos
   Recheck Cond: (content &@~ 'rdbms OR engine'::text)
   Filter: (user_name = CURRENT_USER)
   ->  Bitmap Index Scan on pgrn_index
         Index Cond: (content &@~ 'rdbms OR engine'::text)
(5 rows)

SELECT id, content
  FROM memos
 WHERE content &@~ 'rdbms OR engine';
 id |                 content                  
----+------------------------------------------
  2 | Groonga is fast full text search engine.
(1 row)

RESET SESSION AUTHORIZATION;
DROP TABLE memos;
DROP USER alice;
